[32m[1026 16:23:29 @logger.py:92][0m Argv: run_exp.py
[32m[1026 16:23:29 @cifar.py:39][0m Found cifar10 datas in /home/ubuntu/CIFAR_DATA/.
[32m[1026 16:24:12 @cifar.py:39][0m Found cifar10 datas in /home/ubuntu/CIFAR_DATA/.
[32m[1026 16:24:21 @input_source.py:221][0m Setting up the queue 'QueueInput/input_queue' for CPU prefetching ...
[32m[1026 16:24:21 @trainers.py:48][0m Building graph for a single training tower ...
[32m[1026 16:24:22 @registry.py:90][0m 'conv1.1': [?, 32, 32, 3] --> [?, 32, 32, 64]
[32m[1026 16:24:22 @registry.py:90][0m 'conv1.2': [?, 32, 32, 64] --> [?, 32, 32, 64]
[32m[1026 16:24:22 @registry.py:90][0m 'pool1': [?, 32, 32, 64] --> [?, 16, 16, 64]
[32m[1026 16:24:22 @registry.py:90][0m 'conv2.1': [?, 16, 16, 64] --> [?, 16, 16, 128]
[32m[1026 16:24:22 @registry.py:90][0m 'conv2.2': [?, 16, 16, 128] --> [?, 16, 16, 128]
[32m[1026 16:24:22 @registry.py:90][0m 'pool2': [?, 16, 16, 128] --> [?, 8, 8, 128]
[32m[1026 16:24:22 @registry.py:90][0m 'conv3.1': [?, 8, 8, 128] --> [?, 6, 6, 128]
[32m[1026 16:24:22 @registry.py:90][0m 'conv3.2': [?, 6, 6, 128] --> [?, 4, 4, 128]
[32m[1026 16:24:22 @registry.py:90][0m 'fc0': [?, 4, 4, 128] --> [?, 1536]
[32m[1026 16:24:22 @registry.py:90][0m 'fc1': [?, 1536] --> [?, 512]
[32m[1026 16:24:22 @registry.py:90][0m 'linear': [?, 512] --> [?, 10]
[32m[1026 16:24:22 @regularize.py:97][0m regularize_cost() found 2 variables to regularize.
[32m[1026 16:24:22 @regularize.py:21][0m The following tensors will be regularized: fc0/W:0, fc1/W:0
[32m[1026 16:24:23 @model_utils.py:67][0m [36mList of Trainable Variables: 
[0mname              shape               #elements
----------------  ----------------  -----------
conv1.1/W         [3, 3, 3, 64]            1728
conv1.1/bn/gamma  [64]                       64
conv1.1/bn/beta   [64]                       64
conv1.2/W         [3, 3, 64, 64]          36864
conv1.2/bn/gamma  [64]                       64
conv1.2/bn/beta   [64]                       64
conv2.1/W         [3, 3, 64, 128]         73728
conv2.1/bn/gamma  [128]                     128
conv2.1/bn/beta   [128]                     128
conv2.2/W         [3, 3, 128, 128]       147456
conv2.2/bn/gamma  [128]                     128
conv2.2/bn/beta   [128]                     128
conv3.1/W         [3, 3, 128, 128]       147456
conv3.1/bn/gamma  [128]                     128
conv3.1/bn/beta   [128]                     128
conv3.2/W         [3, 3, 128, 128]       147456
conv3.2/bn/gamma  [128]                     128
conv3.2/bn/beta   [128]                     128
fc0/W             [2048, 1536]          3145728
fc0/b             [1536]                   1536
fc1/W             [1536, 512]            786432
fc1/b             [512]                     512
linear/W          [512, 10]                5120
linear/b          [10]                       10[36m
Number of trainable variables: 24
Number of parameters (elements): 4495306
Storage space needed for all trainable variables: 17.15MB[0m
[32m[1026 16:24:23 @base.py:207][0m Setup callbacks graph ...
[32m[1026 16:24:23 @inference_runner.py:148][0m [InferenceRunner] Building tower 'InferenceTower' on device /gpu:0 ...
[32m[1026 16:24:23 @collection.py:152][0m Size of these collections were changed in InferenceTower: (logits: 1->2)
[32m[1026 16:24:23 @summary.py:47][0m [MovingAverageSummary] 3 operations in collection 'MOVING_SUMMARY_OPS' will be run with session hooks.
[32m[1026 16:24:23 @summary.py:94][0m Summarizing collection 'summaries' of size 14.
[32m[1026 16:24:23 @graph.py:99][0m Applying collection UPDATE_OPS of 12 ops.
[32m[1026 16:24:23 @base.py:228][0m Creating the session ...
[32m[1026 16:26:28 @base.py:234][0m Initializing the session ...
[32m[1026 16:26:28 @base.py:241][0m Graph Finalized.
[32m[1026 16:26:28 @concurrency.py:37][0m Starting EnqueueThread: enqueue dataflow to TF queue "QueueInput/input_queue" ...
[32m[1026 16:26:28 @inference_runner.py:95][0m [InferenceRunner] Will eval 100 iterations
[32m[1026 16:26:29 @base.py:273][0m Start Epoch 1 ...
[32m[1026 16:28:14 @base.py:283][0m Epoch 1 (global_step 782) finished, time:1 minute 45 seconds.
[32m[1026 16:28:15 @saver.py:82][0m Model saved to logs/train_log/cifar10-FP/model-782.
[32m[1026 16:28:17 @saver.py:166][0m Model at global_step=782 with maximum validation_accuracy=0.5273 saved.
[32m[1026 16:28:17 @saver.py:166][0m Model at global_step=782 with minimum validation_cross_entropy_loss=1.3391 saved.
[32m[1026 16:28:17 @monitor.py:476][0m QueueInput/queue_size: 50
[32m[1026 16:28:17 @monitor.py:476][0m accuracy: 0.60839
[32m[1026 16:28:17 @monitor.py:476][0m cross_entropy_loss: 1.1524
[32m[1026 16:28:17 @monitor.py:476][0m lr: 0.01
[32m[1026 16:28:17 @monitor.py:476][0m regularize_loss: 0.21644
[32m[1026 16:28:17 @monitor.py:476][0m validation_accuracy: 0.5273
[32m[1026 16:28:17 @monitor.py:476][0m validation_cross_entropy_loss: 1.3391
[32m[1026 16:28:17 @group.py:44][0m Callbacks took 2.293 sec in total. InferenceRunner: 1.83 seconds
[32m[1026 16:28:17 @base.py:273][0m Start Epoch 2 ...
[32m[1026 16:28:42 @base.py:283][0m Epoch 2 (global_step 1564) finished, time:24.9 seconds.
[32m[1026 16:28:42 @saver.py:82][0m Model saved to logs/train_log/cifar10-FP/model-1564.
[32m[1026 16:28:43 @saver.py:166][0m Model at global_step=1564 with maximum validation_accuracy=0.6695 saved.
[32m[1026 16:28:43 @saver.py:166][0m Model at global_step=1564 with minimum validation_cross_entropy_loss=0.98322 saved.
[32m[1026 16:28:43 @monitor.py:476][0m QueueInput/queue_size: 50
[32m[1026 16:28:43 @monitor.py:476][0m accuracy: 0.67839
[32m[1026 16:28:43 @monitor.py:476][0m cross_entropy_loss: 0.95508
[32m[1026 16:28:43 @monitor.py:476][0m lr: 0.01
[32m[1026 16:28:43 @monitor.py:476][0m regularize_loss: 0.17949
[32m[1026 16:28:43 @monitor.py:476][0m validation_accuracy: 0.6695
[32m[1026 16:28:43 @monitor.py:476][0m validation_cross_entropy_loss: 0.98322
[32m[1026 16:28:43 @base.py:273][0m Start Epoch 3 ...
[32m[1026 16:29:08 @base.py:283][0m Epoch 3 (global_step 2346) finished, time:24.9 seconds.
[32m[1026 16:29:08 @saver.py:82][0m Model saved to logs/train_log/cifar10-FP/model-2346.
[32m[1026 16:29:10 @saver.py:166][0m Model at global_step=2346 with maximum validation_accuracy=0.7647 saved.
[32m[1026 16:29:10 @saver.py:166][0m Model at global_step=2346 with minimum validation_cross_entropy_loss=0.72823 saved.
[32m[1026 16:29:10 @monitor.py:476][0m QueueInput/queue_size: 50
[32m[1026 16:29:10 @monitor.py:476][0m accuracy: 0.74962
[32m[1026 16:29:10 @monitor.py:476][0m cross_entropy_loss: 0.77368
[32m[1026 16:29:10 @monitor.py:476][0m lr: 0.01
[32m[1026 16:29:10 @monitor.py:476][0m regularize_loss: 0.18662
[32m[1026 16:29:10 @monitor.py:476][0m validation_accuracy: 0.7647
[32m[1026 16:29:10 @monitor.py:476][0m validation_cross_entropy_loss: 0.72823
[32m[1026 16:29:10 @base.py:273][0m Start Epoch 4 ...
[32m[1026 16:29:35 @base.py:283][0m Epoch 4 (global_step 3128) finished, time:24.9 seconds.
[32m[1026 16:29:35 @saver.py:82][0m Model saved to logs/train_log/cifar10-FP/model-3128.
[32m[1026 16:29:36 @monitor.py:476][0m QueueInput/queue_size: 50
[32m[1026 16:29:36 @monitor.py:476][0m accuracy: 0.76072
[32m[1026 16:29:36 @monitor.py:476][0m cross_entropy_loss: 0.71604
[32m[1026 16:29:36 @monitor.py:476][0m lr: 0.01
[32m[1026 16:29:36 @monitor.py:476][0m regularize_loss: 0.19045
[32m[1026 16:29:36 @monitor.py:476][0m validation_accuracy: 0.7494
[32m[1026 16:29:36 @monitor.py:476][0m validation_cross_entropy_loss: 0.76989
[32m[1026 16:29:36 @base.py:273][0m Start Epoch 5 ...
[32m[1026 16:30:01 @base.py:283][0m Epoch 5 (global_step 3910) finished, time:25 seconds.
[32m[1026 16:30:02 @saver.py:82][0m Model saved to logs/train_log/cifar10-FP/model-3910.
[32m[1026 16:30:03 @saver.py:166][0m Model at global_step=3910 with maximum validation_accuracy=0.7874 saved.
[32m[1026 16:30:03 @saver.py:166][0m Model at global_step=3910 with minimum validation_cross_entropy_loss=0.66272 saved.
[32m[1026 16:30:03 @monitor.py:476][0m QueueInput/queue_size: 50
[32m[1026 16:30:03 @monitor.py:476][0m accuracy: 0.79653
[32m[1026 16:30:03 @monitor.py:476][0m cross_entropy_loss: 0.66848
[32m[1026 16:30:03 @monitor.py:476][0m lr: 0.01
[32m[1026 16:30:03 @monitor.py:476][0m regularize_loss: 0.19286
[32m[1026 16:30:03 @monitor.py:476][0m validation_accuracy: 0.7874
[32m[1026 16:30:03 @monitor.py:476][0m validation_cross_entropy_loss: 0.66272
[32m[1026 16:30:03 @base.py:273][0m Start Epoch 6 ...
[32m[1026 16:30:28 @base.py:283][0m Epoch 6 (global_step 4692) finished, time:25 seconds.
[32m[1026 16:30:28 @saver.py:82][0m Model saved to logs/train_log/cifar10-FP/model-4692.
[32m[1026 16:30:30 @saver.py:166][0m Model at global_step=4692 with maximum validation_accuracy=0.8043 saved.
[32m[1026 16:30:30 @saver.py:166][0m Model at global_step=4692 with minimum validation_cross_entropy_loss=0.60591 saved.
[32m[1026 16:30:30 @monitor.py:476][0m QueueInput/queue_size: 50
[32m[1026 16:30:30 @monitor.py:476][0m accuracy: 0.80174
[32m[1026 16:30:30 @monitor.py:476][0m cross_entropy_loss: 0.62829
[32m[1026 16:30:30 @monitor.py:476][0m lr: 0.01
[32m[1026 16:30:30 @monitor.py:476][0m regularize_loss: 0.18835
[32m[1026 16:30:30 @monitor.py:476][0m validation_accuracy: 0.8043
[32m[1026 16:30:30 @monitor.py:476][0m validation_cross_entropy_loss: 0.60591
[32m[1026 16:30:30 @base.py:273][0m Start Epoch 7 ...
[32m[1026 16:30:55 @base.py:283][0m Epoch 7 (global_step 5474) finished, time:25.1 seconds.
[32m[1026 16:30:55 @saver.py:82][0m Model saved to logs/train_log/cifar10-FP/model-5474.
[32m[1026 16:30:57 @monitor.py:476][0m QueueInput/queue_size: 50
[32m[1026 16:30:57 @monitor.py:476][0m accuracy: 0.81708
[32m[1026 16:30:57 @monitor.py:476][0m cross_entropy_loss: 0.59141
[32m[1026 16:30:57 @monitor.py:476][0m lr: 0.01
[32m[1026 16:30:57 @monitor.py:476][0m regularize_loss: 0.19129
[32m[1026 16:30:57 @monitor.py:476][0m validation_accuracy: 0.7943
[32m[1026 16:30:57 @monitor.py:476][0m validation_cross_entropy_loss: 0.66759
[32m[1026 16:30:57 @base.py:273][0m Start Epoch 8 ...
[32m[1026 16:31:22 @base.py:283][0m Epoch 8 (global_step 6256) finished, time:25 seconds.
[32m[1026 16:31:22 @saver.py:82][0m Model saved to logs/train_log/cifar10-FP/model-6256.
[32m[1026 16:31:23 @saver.py:166][0m Model at global_step=6256 with maximum validation_accuracy=0.8145 saved.
[32m[1026 16:31:23 @saver.py:166][0m Model at global_step=6256 with minimum validation_cross_entropy_loss=0.57191 saved.
[32m[1026 16:31:23 @monitor.py:476][0m QueueInput/queue_size: 50
[32m[1026 16:31:23 @monitor.py:476][0m accuracy: 0.8489
[32m[1026 16:31:23 @monitor.py:476][0m cross_entropy_loss: 0.51023
[32m[1026 16:31:23 @monitor.py:476][0m lr: 0.01
[32m[1026 16:31:23 @monitor.py:476][0m regularize_loss: 0.19154
[32m[1026 16:31:23 @monitor.py:476][0m validation_accuracy: 0.8145
[32m[1026 16:31:23 @monitor.py:476][0m validation_cross_entropy_loss: 0.57191
[32m[1026 16:31:23 @base.py:273][0m Start Epoch 9 ...
[32m[1026 16:31:48 @base.py:283][0m Epoch 9 (global_step 7038) finished, time:25 seconds.
[32m[1026 16:31:48 @saver.py:82][0m Model saved to logs/train_log/cifar10-FP/model-7038.
[32m[1026 16:31:50 @saver.py:166][0m Model at global_step=7038 with maximum validation_accuracy=0.8292 saved.
[32m[1026 16:31:50 @saver.py:166][0m Model at global_step=7038 with minimum validation_cross_entropy_loss=0.53959 saved.
[32m[1026 16:31:50 @monitor.py:476][0m QueueInput/queue_size: 50
[32m[1026 16:31:50 @monitor.py:476][0m accuracy: 0.84643
[32m[1026 16:31:50 @monitor.py:476][0m cross_entropy_loss: 0.48204
[32m[1026 16:31:50 @monitor.py:476][0m lr: 0.01
[32m[1026 16:31:50 @monitor.py:476][0m regularize_loss: 0.18694
[32m[1026 16:31:50 @monitor.py:476][0m validation_accuracy: 0.8292
[32m[1026 16:31:50 @monitor.py:476][0m validation_cross_entropy_loss: 0.53959
[32m[1026 16:31:50 @base.py:273][0m Start Epoch 10 ...
[32m[1026 16:32:15 @base.py:283][0m Epoch 10 (global_step 7820) finished, time:25 seconds.
[32m[1026 16:32:15 @saver.py:82][0m Model saved to logs/train_log/cifar10-FP/model-7820.
[32m[1026 16:32:17 @monitor.py:476][0m QueueInput/queue_size: 50
[32m[1026 16:32:17 @monitor.py:476][0m accuracy: 0.85168
[32m[1026 16:32:17 @monitor.py:476][0m cross_entropy_loss: 0.45177
[32m[1026 16:32:17 @monitor.py:476][0m lr: 0.01
[32m[1026 16:32:17 @monitor.py:476][0m regularize_loss: 0.18466
[32m[1026 16:32:17 @monitor.py:476][0m validation_accuracy: 0.8181
[32m[1026 16:32:17 @monitor.py:476][0m validation_cross_entropy_loss: 0.60465
[32m[1026 16:32:17 @base.py:273][0m Start Epoch 11 ...
[32m[1026 16:32:42 @base.py:283][0m Epoch 11 (global_step 8602) finished, time:25.3 seconds.
[32m[1026 16:32:42 @saver.py:82][0m Model saved to logs/train_log/cifar10-FP/model-8602.
[32m[1026 16:32:43 @monitor.py:476][0m QueueInput/queue_size: 50
[32m[1026 16:32:43 @monitor.py:476][0m accuracy: 0.85066
[32m[1026 16:32:43 @monitor.py:476][0m cross_entropy_loss: 0.46533
[32m[1026 16:32:43 @monitor.py:476][0m lr: 0.01
[32m[1026 16:32:43 @monitor.py:476][0m regularize_loss: 0.1885
[32m[1026 16:32:43 @monitor.py:476][0m validation_accuracy: 0.8226
[32m[1026 16:32:43 @monitor.py:476][0m validation_cross_entropy_loss: 0.57946
[32m[1026 16:32:43 @base.py:273][0m Start Epoch 12 ...
[32m[1026 16:33:08 @base.py:283][0m Epoch 12 (global_step 9384) finished, time:24.8 seconds.
[32m[1026 16:33:08 @saver.py:82][0m Model saved to logs/train_log/cifar10-FP/model-9384.
[32m[1026 16:33:10 @saver.py:166][0m Model at global_step=9384 with maximum validation_accuracy=0.8428 saved.
[32m[1026 16:33:10 @saver.py:166][0m Model at global_step=9384 with minimum validation_cross_entropy_loss=0.50199 saved.
[32m[1026 16:33:10 @monitor.py:476][0m QueueInput/queue_size: 50
[32m[1026 16:33:10 @monitor.py:476][0m accuracy: 0.84136
[32m[1026 16:33:10 @monitor.py:476][0m cross_entropy_loss: 0.46832
[32m[1026 16:33:10 @monitor.py:476][0m lr: 0.01
[32m[1026 16:33:10 @monitor.py:476][0m regularize_loss: 0.17699
[32m[1026 16:33:10 @monitor.py:476][0m validation_accuracy: 0.8428
[32m[1026 16:33:10 @monitor.py:476][0m validation_cross_entropy_loss: 0.50199
[32m[1026 16:33:10 @base.py:273][0m Start Epoch 13 ...
[32m[1026 16:33:35 @base.py:283][0m Epoch 13 (global_step 10166) finished, time:24.8 seconds.
[32m[1026 16:33:35 @saver.py:82][0m Model saved to logs/train_log/cifar10-FP/model-10166.
[32m[1026 16:33:36 @monitor.py:476][0m QueueInput/queue_size: 50
[32m[1026 16:33:36 @monitor.py:476][0m accuracy: 0.85838
[32m[1026 16:33:36 @monitor.py:476][0m cross_entropy_loss: 0.44333
[32m[1026 16:33:36 @monitor.py:476][0m lr: 0.01
[32m[1026 16:33:36 @monitor.py:476][0m regularize_loss: 0.17751
[32m[1026 16:33:36 @monitor.py:476][0m validation_accuracy: 0.8408
[32m[1026 16:33:36 @monitor.py:476][0m validation_cross_entropy_loss: 0.51044
[32m[1026 16:33:36 @base.py:273][0m Start Epoch 14 ...
[32m[1026 16:34:01 @base.py:283][0m Epoch 14 (global_step 10948) finished, time:24.8 seconds.
[32m[1026 16:34:01 @saver.py:82][0m Model saved to logs/train_log/cifar10-FP/model-10948.
[32m[1026 16:34:03 @saver.py:166][0m Model at global_step=10948 with maximum validation_accuracy=0.8491 saved.
[32m[1026 16:34:03 @saver.py:166][0m Model at global_step=10948 with minimum validation_cross_entropy_loss=0.48424 saved.
[32m[1026 16:34:03 @monitor.py:476][0m QueueInput/queue_size: 50
[32m[1026 16:34:03 @monitor.py:476][0m accuracy: 0.87512
[32m[1026 16:34:03 @monitor.py:476][0m cross_entropy_loss: 0.392
[32m[1026 16:34:03 @monitor.py:476][0m lr: 0.01
[32m[1026 16:34:03 @monitor.py:476][0m regularize_loss: 0.1804
[32m[1026 16:34:03 @monitor.py:476][0m validation_accuracy: 0.8491
[32m[1026 16:34:03 @monitor.py:476][0m validation_cross_entropy_loss: 0.48424
[32m[1026 16:34:03 @base.py:273][0m Start Epoch 15 ...
[32m[1026 16:34:28 @base.py:283][0m Epoch 15 (global_step 11730) finished, time:25.8 seconds.
[32m[1026 16:34:29 @saver.py:82][0m Model saved to logs/train_log/cifar10-FP/model-11730.
[32m[1026 16:34:30 @saver.py:166][0m Model at global_step=11730 with minimum validation_cross_entropy_loss=0.478 saved.
[32m[1026 16:34:30 @monitor.py:476][0m QueueInput/queue_size: 50
[32m[1026 16:34:30 @monitor.py:476][0m accuracy: 0.87799
[32m[1026 16:34:30 @monitor.py:476][0m cross_entropy_loss: 0.37838
[32m[1026 16:34:30 @monitor.py:476][0m lr: 0.01
[32m[1026 16:34:30 @monitor.py:476][0m regularize_loss: 0.18262
[32m[1026 16:34:30 @monitor.py:476][0m validation_accuracy: 0.8486
[32m[1026 16:34:30 @monitor.py:476][0m validation_cross_entropy_loss: 0.478
[32m[1026 16:34:30 @base.py:273][0m Start Epoch 16 ...
[32m[1026 16:34:57 @base.py:283][0m Epoch 16 (global_step 12512) finished, time:26.4 seconds.
[32m[1026 16:34:57 @saver.py:82][0m Model saved to logs/train_log/cifar10-FP/model-12512.
[32m[1026 16:34:58 @saver.py:166][0m Model at global_step=12512 with maximum validation_accuracy=0.8502 saved.
[32m[1026 16:34:58 @monitor.py:476][0m QueueInput/queue_size: 50
[32m[1026 16:34:58 @monitor.py:476][0m accuracy: 0.88983
[32m[1026 16:34:58 @monitor.py:476][0m cross_entropy_loss: 0.36188
[32m[1026 16:34:58 @monitor.py:476][0m lr: 0.01
[32m[1026 16:34:58 @monitor.py:476][0m regularize_loss: 0.1757
[32m[1026 16:34:58 @monitor.py:476][0m validation_accuracy: 0.8502
[32m[1026 16:34:58 @monitor.py:476][0m validation_cross_entropy_loss: 0.52682
[32m[1026 16:34:58 @base.py:273][0m Start Epoch 17 ...
[32m[1026 16:35:25 @base.py:283][0m Epoch 17 (global_step 13294) finished, time:26.5 seconds.
[32m[1026 16:35:25 @saver.py:82][0m Model saved to logs/train_log/cifar10-FP/model-13294.
[32m[1026 16:35:26 @saver.py:166][0m Model at global_step=13294 with maximum validation_accuracy=0.8546 saved.
[32m[1026 16:35:26 @monitor.py:476][0m QueueInput/queue_size: 50
[32m[1026 16:35:26 @monitor.py:476][0m accuracy: 0.8948
[32m[1026 16:35:26 @monitor.py:476][0m cross_entropy_loss: 0.32478
[32m[1026 16:35:26 @monitor.py:476][0m lr: 0.01
[32m[1026 16:35:26 @monitor.py:476][0m regularize_loss: 0.17293
[32m[1026 16:35:26 @monitor.py:476][0m validation_accuracy: 0.8546
[32m[1026 16:35:26 @monitor.py:476][0m validation_cross_entropy_loss: 0.49402
[32m[1026 16:35:26 @base.py:273][0m Start Epoch 18 ...
[32m[1026 16:35:53 @base.py:283][0m Epoch 18 (global_step 14076) finished, time:26.5 seconds.
[32m[1026 16:35:53 @saver.py:82][0m Model saved to logs/train_log/cifar10-FP/model-14076.
[32m[1026 16:35:54 @monitor.py:476][0m QueueInput/queue_size: 50
[32m[1026 16:35:54 @monitor.py:476][0m accuracy: 0.89604
[32m[1026 16:35:54 @monitor.py:476][0m cross_entropy_loss: 0.33237
[32m[1026 16:35:54 @monitor.py:476][0m lr: 0.01
[32m[1026 16:35:54 @monitor.py:476][0m regularize_loss: 0.1784
[32m[1026 16:35:54 @monitor.py:476][0m validation_accuracy: 0.8524
[32m[1026 16:35:54 @monitor.py:476][0m validation_cross_entropy_loss: 0.53197
[32m[1026 16:35:54 @base.py:273][0m Start Epoch 19 ...
[32m[1026 16:36:20 @base.py:283][0m Epoch 19 (global_step 14858) finished, time:26 seconds.
[32m[1026 16:36:20 @saver.py:82][0m Model saved to logs/train_log/cifar10-FP/model-14858.
[32m[1026 16:36:22 @saver.py:166][0m Model at global_step=14858 with maximum validation_accuracy=0.8574 saved.
[32m[1026 16:36:22 @monitor.py:476][0m QueueInput/queue_size: 50
[32m[1026 16:36:22 @monitor.py:476][0m accuracy: 0.89223
[32m[1026 16:36:22 @monitor.py:476][0m cross_entropy_loss: 0.3273
[32m[1026 16:36:22 @monitor.py:476][0m lr: 0.01
[32m[1026 16:36:22 @monitor.py:476][0m regularize_loss: 0.19091
[32m[1026 16:36:22 @monitor.py:476][0m validation_accuracy: 0.8574
[32m[1026 16:36:22 @monitor.py:476][0m validation_cross_entropy_loss: 0.48977
[32m[1026 16:36:22 @base.py:273][0m Start Epoch 20 ...
[32m[1026 16:36:47 @base.py:283][0m Epoch 20 (global_step 15640) finished, time:24.9 seconds.
[32m[1026 16:36:47 @saver.py:82][0m Model saved to logs/train_log/cifar10-FP/model-15640.
[32m[1026 16:36:48 @monitor.py:476][0m QueueInput/queue_size: 50
[32m[1026 16:36:48 @monitor.py:476][0m accuracy: 0.89128
[32m[1026 16:36:48 @monitor.py:476][0m cross_entropy_loss: 0.34085
[32m[1026 16:36:48 @monitor.py:476][0m lr: 0.01
[32m[1026 16:36:48 @monitor.py:476][0m regularize_loss: 0.18113
[32m[1026 16:36:48 @monitor.py:476][0m validation_accuracy: 0.8538
[32m[1026 16:36:48 @monitor.py:476][0m validation_cross_entropy_loss: 0.48635
[32m[1026 16:36:48 @base.py:273][0m Start Epoch 21 ...
[32m[1026 16:37:13 @base.py:283][0m Epoch 21 (global_step 16422) finished, time:24.8 seconds.
[32m[1026 16:37:13 @saver.py:82][0m Model saved to logs/train_log/cifar10-FP/model-16422.
[32m[1026 16:37:15 @monitor.py:476][0m QueueInput/queue_size: 50
[32m[1026 16:37:15 @monitor.py:476][0m accuracy: 0.91534
[32m[1026 16:37:15 @monitor.py:476][0m cross_entropy_loss: 0.28653
[32m[1026 16:37:15 @monitor.py:476][0m lr: 0.01
[32m[1026 16:37:15 @monitor.py:476][0m regularize_loss: 0.17724
[32m[1026 16:37:15 @monitor.py:476][0m validation_accuracy: 0.8573
[32m[1026 16:37:15 @monitor.py:476][0m validation_cross_entropy_loss: 0.48418
[32m[1026 16:37:15 @base.py:273][0m Start Epoch 22 ...
[32m[1026 16:37:40 @base.py:283][0m Epoch 22 (global_step 17204) finished, time:24.9 seconds.
[32m[1026 16:37:40 @saver.py:82][0m Model saved to logs/train_log/cifar10-FP/model-17204.
[32m[1026 16:37:41 @monitor.py:476][0m QueueInput/queue_size: 50
[32m[1026 16:37:41 @monitor.py:476][0m accuracy: 0.91162
[32m[1026 16:37:41 @monitor.py:476][0m cross_entropy_loss: 0.28337
[32m[1026 16:37:41 @monitor.py:476][0m lr: 0.01
[32m[1026 16:37:41 @monitor.py:476][0m regularize_loss: 0.17159
[32m[1026 16:37:41 @monitor.py:476][0m validation_accuracy: 0.8423
[32m[1026 16:37:41 @monitor.py:476][0m validation_cross_entropy_loss: 0.58483
[32m[1026 16:37:41 @base.py:273][0m Start Epoch 23 ...
[32m[1026 16:38:06 @base.py:283][0m Epoch 23 (global_step 17986) finished, time:24.9 seconds.
[32m[1026 16:38:06 @saver.py:82][0m Model saved to logs/train_log/cifar10-FP/model-17986.
[32m[1026 16:38:08 @saver.py:166][0m Model at global_step=17986 with maximum validation_accuracy=0.8594 saved.
[32m[1026 16:38:08 @monitor.py:476][0m QueueInput/queue_size: 50
[32m[1026 16:38:08 @monitor.py:476][0m accuracy: 0.91533
[32m[1026 16:38:08 @monitor.py:476][0m cross_entropy_loss: 0.27438
[32m[1026 16:38:08 @monitor.py:476][0m lr: 0.01
[32m[1026 16:38:08 @monitor.py:476][0m regularize_loss: 0.17013
[32m[1026 16:38:08 @monitor.py:476][0m validation_accuracy: 0.8594
[32m[1026 16:38:08 @monitor.py:476][0m validation_cross_entropy_loss: 0.48893
[32m[1026 16:38:08 @base.py:273][0m Start Epoch 24 ...
[32m[1026 16:38:33 @base.py:283][0m Epoch 24 (global_step 18768) finished, time:24.8 seconds.
[32m[1026 16:38:33 @saver.py:82][0m Model saved to logs/train_log/cifar10-FP/model-18768.
[32m[1026 16:38:34 @saver.py:166][0m Model at global_step=18768 with maximum validation_accuracy=0.866 saved.
[32m[1026 16:38:34 @param.py:442][0m [StatMonitorParamSetter] Triggered, history of validation_cross_entropy_loss: 0.478,0.527,0.494,0.532,0.49,0.486,0.484,0.585,0.489,0.487
[32m[1026 16:38:34 @param.py:162][0m [HyperParamSetter] At global_step=18768, learning_rate is set to 0.003100
[32m[1026 16:38:34 @monitor.py:476][0m QueueInput/queue_size: 50
[32m[1026 16:38:34 @monitor.py:476][0m accuracy: 0.92484
[32m[1026 16:38:34 @monitor.py:476][0m cross_entropy_loss: 0.2462
[32m[1026 16:38:34 @monitor.py:476][0m lr: 0.01
[32m[1026 16:38:34 @monitor.py:476][0m regularize_loss: 0.17649
[32m[1026 16:38:34 @monitor.py:476][0m validation_accuracy: 0.866
[32m[1026 16:38:34 @monitor.py:476][0m validation_cross_entropy_loss: 0.48725
[32m[1026 16:38:34 @base.py:273][0m Start Epoch 25 ...
[32m[1026 16:38:59 @base.py:283][0m Epoch 25 (global_step 19550) finished, time:24.8 seconds.
[32m[1026 16:38:59 @saver.py:82][0m Model saved to logs/train_log/cifar10-FP/model-19550.
[32m[1026 16:39:01 @saver.py:166][0m Model at global_step=19550 with maximum validation_accuracy=0.8894 saved.
[32m[1026 16:39:01 @saver.py:166][0m Model at global_step=19550 with minimum validation_cross_entropy_loss=0.38822 saved.
[32m[1026 16:39:01 @monitor.py:476][0m QueueInput/queue_size: 50
[32m[1026 16:39:01 @monitor.py:476][0m accuracy: 0.95807
[32m[1026 16:39:01 @monitor.py:476][0m cross_entropy_loss: 0.14723
[32m[1026 16:39:01 @monitor.py:476][0m lr: 0.0031
[32m[1026 16:39:01 @monitor.py:476][0m regularize_loss: 0.095782
[32m[1026 16:39:01 @monitor.py:476][0m validation_accuracy: 0.8894
[32m[1026 16:39:01 @monitor.py:476][0m validation_cross_entropy_loss: 0.38822
[32m[1026 16:39:01 @base.py:273][0m Start Epoch 26 ...
[32m[1026 16:39:25 @base.py:283][0m Epoch 26 (global_step 20332) finished, time:24.8 seconds.
[32m[1026 16:39:26 @saver.py:82][0m Model saved to logs/train_log/cifar10-FP/model-20332.
[32m[1026 16:39:27 @saver.py:166][0m Model at global_step=20332 with maximum validation_accuracy=0.89 saved.
[32m[1026 16:39:27 @monitor.py:476][0m QueueInput/queue_size: 50
[32m[1026 16:39:27 @monitor.py:476][0m accuracy: 0.94998
[32m[1026 16:39:27 @monitor.py:476][0m cross_entropy_loss: 0.13442
[32m[1026 16:39:27 @monitor.py:476][0m lr: 0.0031
[32m[1026 16:39:27 @monitor.py:476][0m regularize_loss: 0.072155
[32m[1026 16:39:27 @monitor.py:476][0m validation_accuracy: 0.89
[32m[1026 16:39:27 @monitor.py:476][0m validation_cross_entropy_loss: 0.4072
[32m[1026 16:39:27 @base.py:273][0m Start Epoch 27 ...
[32m[1026 16:39:52 @base.py:283][0m Epoch 27 (global_step 21114) finished, time:24.8 seconds.
[32m[1026 16:39:52 @saver.py:82][0m Model saved to logs/train_log/cifar10-FP/model-21114.
[32m[1026 16:39:53 @monitor.py:476][0m QueueInput/queue_size: 50
[32m[1026 16:39:53 @monitor.py:476][0m accuracy: 0.95851
[32m[1026 16:39:53 @monitor.py:476][0m cross_entropy_loss: 0.1321
[32m[1026 16:39:53 @monitor.py:476][0m lr: 0.0031
[32m[1026 16:39:53 @monitor.py:476][0m regularize_loss: 0.068167
[32m[1026 16:39:53 @monitor.py:476][0m validation_accuracy: 0.8894
[32m[1026 16:39:53 @monitor.py:476][0m validation_cross_entropy_loss: 0.41726
[32m[1026 16:39:53 @base.py:273][0m Start Epoch 28 ...
[32m[1026 16:40:18 @base.py:283][0m Epoch 28 (global_step 21896) finished, time:24.8 seconds.
[32m[1026 16:40:18 @saver.py:82][0m Model saved to logs/train_log/cifar10-FP/model-21896.
[32m[1026 16:40:20 @monitor.py:476][0m QueueInput/queue_size: 50
[32m[1026 16:40:20 @monitor.py:476][0m accuracy: 0.95703
[32m[1026 16:40:20 @monitor.py:476][0m cross_entropy_loss: 0.11942
[32m[1026 16:40:20 @monitor.py:476][0m lr: 0.0031
[32m[1026 16:40:20 @monitor.py:476][0m regularize_loss: 0.067361
[32m[1026 16:40:20 @monitor.py:476][0m validation_accuracy: 0.8876
[32m[1026 16:40:20 @monitor.py:476][0m validation_cross_entropy_loss: 0.44134
[32m[1026 16:40:20 @base.py:273][0m Start Epoch 29 ...
[32m[1026 16:40:45 @base.py:283][0m Epoch 29 (global_step 22678) finished, time:24.8 seconds.
[32m[1026 16:40:45 @saver.py:82][0m Model saved to logs/train_log/cifar10-FP/model-22678.
[32m[1026 16:40:46 @monitor.py:476][0m QueueInput/queue_size: 50
[32m[1026 16:40:46 @monitor.py:476][0m accuracy: 0.95873
[32m[1026 16:40:46 @monitor.py:476][0m cross_entropy_loss: 0.12364
[32m[1026 16:40:46 @monitor.py:476][0m lr: 0.0031
[32m[1026 16:40:46 @monitor.py:476][0m regularize_loss: 0.067031
[32m[1026 16:40:46 @monitor.py:476][0m validation_accuracy: 0.8859
[32m[1026 16:40:46 @monitor.py:476][0m validation_cross_entropy_loss: 0.43819
[32m[1026 16:40:46 @base.py:273][0m Start Epoch 30 ...
[32m[1026 16:41:11 @base.py:283][0m Epoch 30 (global_step 23460) finished, time:24.8 seconds.
[32m[1026 16:41:11 @saver.py:82][0m Model saved to logs/train_log/cifar10-FP/model-23460.
[32m[1026 16:41:13 @monitor.py:476][0m QueueInput/queue_size: 50
[32m[1026 16:41:13 @monitor.py:476][0m accuracy: 0.96768
[32m[1026 16:41:13 @monitor.py:476][0m cross_entropy_loss: 0.10024
[32m[1026 16:41:13 @monitor.py:476][0m lr: 0.0031
[32m[1026 16:41:13 @monitor.py:476][0m regularize_loss: 0.068221
[32m[1026 16:41:13 @monitor.py:476][0m validation_accuracy: 0.8869
[32m[1026 16:41:13 @monitor.py:476][0m validation_cross_entropy_loss: 0.45403
[32m[1026 16:41:13 @base.py:273][0m Start Epoch 31 ...
[32m[1026 16:41:37 @base.py:283][0m Epoch 31 (global_step 24242) finished, time:24.8 seconds.
[32m[1026 16:41:37 @saver.py:82][0m Model saved to logs/train_log/cifar10-FP/model-24242.
[32m[1026 16:41:39 @monitor.py:476][0m QueueInput/queue_size: 50
[32m[1026 16:41:39 @monitor.py:476][0m accuracy: 0.96949
[32m[1026 16:41:39 @monitor.py:476][0m cross_entropy_loss: 0.088156
[32m[1026 16:41:39 @monitor.py:476][0m lr: 0.0031
[32m[1026 16:41:39 @monitor.py:476][0m regularize_loss: 0.066445
[32m[1026 16:41:39 @monitor.py:476][0m validation_accuracy: 0.8875
[32m[1026 16:41:39 @monitor.py:476][0m validation_cross_entropy_loss: 0.44018
[32m[1026 16:41:39 @base.py:273][0m Start Epoch 32 ...
[32m[1026 16:42:04 @base.py:283][0m Epoch 32 (global_step 25024) finished, time:24.8 seconds.
[32m[1026 16:42:04 @saver.py:82][0m Model saved to logs/train_log/cifar10-FP/model-25024.
[32m[1026 16:42:05 @monitor.py:476][0m QueueInput/queue_size: 50
[32m[1026 16:42:05 @monitor.py:476][0m accuracy: 0.97124
[32m[1026 16:42:05 @monitor.py:476][0m cross_entropy_loss: 0.089691
[32m[1026 16:42:05 @monitor.py:476][0m lr: 0.0031
[32m[1026 16:42:05 @monitor.py:476][0m regularize_loss: 0.066965
[32m[1026 16:42:05 @monitor.py:476][0m validation_accuracy: 0.8886
[32m[1026 16:42:05 @monitor.py:476][0m validation_cross_entropy_loss: 0.46832
[32m[1026 16:42:05 @base.py:273][0m Start Epoch 33 ...
[32m[1026 16:42:30 @base.py:283][0m Epoch 33 (global_step 25806) finished, time:24.8 seconds.
[32m[1026 16:42:30 @saver.py:82][0m Model saved to logs/train_log/cifar10-FP/model-25806.
[32m[1026 16:42:32 @monitor.py:476][0m QueueInput/queue_size: 50
[32m[1026 16:42:32 @monitor.py:476][0m accuracy: 0.96195
[32m[1026 16:42:32 @monitor.py:476][0m cross_entropy_loss: 0.11159
[32m[1026 16:42:32 @monitor.py:476][0m lr: 0.0031
[32m[1026 16:42:32 @monitor.py:476][0m regularize_loss: 0.067199
[32m[1026 16:42:32 @monitor.py:476][0m validation_accuracy: 0.8885
[32m[1026 16:42:32 @monitor.py:476][0m validation_cross_entropy_loss: 0.47378
[32m[1026 16:42:32 @base.py:273][0m Start Epoch 34 ...
[32m[1026 16:42:56 @base.py:283][0m Epoch 34 (global_step 26588) finished, time:24.9 seconds.
[32m[1026 16:42:57 @saver.py:82][0m Model saved to logs/train_log/cifar10-FP/model-26588.
[32m[1026 16:42:58 @param.py:442][0m [StatMonitorParamSetter] Triggered, history of validation_cross_entropy_loss: 0.388,0.407,0.417,0.441,0.438,0.454,0.44,0.468,0.474,0.487
[32m[1026 16:42:58 @param.py:165][0m [HyperParamSetter] At global_step=26588, learning_rate changes from 0.003100 to 0.000961
[32m[1026 16:42:58 @monitor.py:476][0m QueueInput/queue_size: 50
[32m[1026 16:42:58 @monitor.py:476][0m accuracy: 0.9742
[32m[1026 16:42:58 @monitor.py:476][0m cross_entropy_loss: 0.082729
[32m[1026 16:42:58 @monitor.py:476][0m lr: 0.0031
[32m[1026 16:42:58 @monitor.py:476][0m regularize_loss: 0.068878
[32m[1026 16:42:58 @monitor.py:476][0m validation_accuracy: 0.8835
[32m[1026 16:42:58 @monitor.py:476][0m validation_cross_entropy_loss: 0.4871
[32m[1026 16:42:58 @base.py:273][0m Start Epoch 35 ...
[32m[1026 16:43:23 @base.py:283][0m Epoch 35 (global_step 27370) finished, time:24.8 seconds.
[32m[1026 16:43:23 @saver.py:82][0m Model saved to logs/train_log/cifar10-FP/model-27370.
[32m[1026 16:43:24 @saver.py:166][0m Model at global_step=27370 with maximum validation_accuracy=0.8909 saved.
[32m[1026 16:43:24 @monitor.py:476][0m QueueInput/queue_size: 50
[32m[1026 16:43:24 @monitor.py:476][0m accuracy: 0.98528
[32m[1026 16:43:24 @monitor.py:476][0m cross_entropy_loss: 0.045776
[32m[1026 16:43:24 @monitor.py:476][0m lr: 0.000961
[32m[1026 16:43:24 @monitor.py:476][0m regularize_loss: 0.056907
[32m[1026 16:43:24 @monitor.py:476][0m validation_accuracy: 0.8909
[32m[1026 16:43:24 @monitor.py:476][0m validation_cross_entropy_loss: 0.48068
[32m[1026 16:43:24 @base.py:273][0m Start Epoch 36 ...
[32m[1026 16:43:49 @base.py:283][0m Epoch 36 (global_step 28152) finished, time:24.8 seconds.
[32m[1026 16:43:49 @saver.py:82][0m Model saved to logs/train_log/cifar10-FP/model-28152.
[32m[1026 16:43:51 @saver.py:166][0m Model at global_step=28152 with maximum validation_accuracy=0.8932 saved.
[32m[1026 16:43:51 @monitor.py:476][0m QueueInput/queue_size: 50
[32m[1026 16:43:51 @monitor.py:476][0m accuracy: 0.98857
[32m[1026 16:43:51 @monitor.py:476][0m cross_entropy_loss: 0.043117
[32m[1026 16:43:51 @monitor.py:476][0m lr: 0.000961
[32m[1026 16:43:51 @monitor.py:476][0m regularize_loss: 0.047546
[32m[1026 16:43:51 @monitor.py:476][0m validation_accuracy: 0.8932
[32m[1026 16:43:51 @monitor.py:476][0m validation_cross_entropy_loss: 0.47215
[32m[1026 16:43:51 @base.py:273][0m Start Epoch 37 ...
[32m[1026 16:44:16 @base.py:283][0m Epoch 37 (global_step 28934) finished, time:24.8 seconds.
[32m[1026 16:44:16 @saver.py:82][0m Model saved to logs/train_log/cifar10-FP/model-28934.
[32m[1026 16:44:17 @saver.py:166][0m Model at global_step=28934 with maximum validation_accuracy=0.8937 saved.
[32m[1026 16:44:17 @monitor.py:476][0m QueueInput/queue_size: 50
[32m[1026 16:44:17 @monitor.py:476][0m accuracy: 0.9825
[32m[1026 16:44:17 @monitor.py:476][0m cross_entropy_loss: 0.050023
[32m[1026 16:44:17 @monitor.py:476][0m lr: 0.000961
[32m[1026 16:44:17 @monitor.py:476][0m regularize_loss: 0.04126
[32m[1026 16:44:17 @monitor.py:476][0m validation_accuracy: 0.8937
[32m[1026 16:44:17 @monitor.py:476][0m validation_cross_entropy_loss: 0.48189
[32m[1026 16:44:17 @base.py:273][0m Start Epoch 38 ...
[32m[1026 16:44:42 @base.py:283][0m Epoch 38 (global_step 29716) finished, time:24.8 seconds.
[32m[1026 16:44:42 @saver.py:82][0m Model saved to logs/train_log/cifar10-FP/model-29716.
[32m[1026 16:44:44 @saver.py:166][0m Model at global_step=29716 with maximum validation_accuracy=0.894 saved.
[32m[1026 16:44:44 @monitor.py:476][0m QueueInput/queue_size: 50
[32m[1026 16:44:44 @monitor.py:476][0m accuracy: 0.98863
[32m[1026 16:44:44 @monitor.py:476][0m cross_entropy_loss: 0.038956
[32m[1026 16:44:44 @monitor.py:476][0m lr: 0.000961
[32m[1026 16:44:44 @monitor.py:476][0m regularize_loss: 0.036832
[32m[1026 16:44:44 @monitor.py:476][0m validation_accuracy: 0.894
[32m[1026 16:44:44 @monitor.py:476][0m validation_cross_entropy_loss: 0.49077
[32m[1026 16:44:44 @base.py:273][0m Start Epoch 39 ...
[32m[1026 16:45:09 @base.py:283][0m Epoch 39 (global_step 30498) finished, time:24.8 seconds.
[32m[1026 16:45:09 @saver.py:82][0m Model saved to logs/train_log/cifar10-FP/model-30498.
[32m[1026 16:45:10 @monitor.py:476][0m QueueInput/queue_size: 50
[32m[1026 16:45:10 @monitor.py:476][0m accuracy: 0.9875
[32m[1026 16:45:10 @monitor.py:476][0m cross_entropy_loss: 0.031899
[32m[1026 16:45:10 @monitor.py:476][0m lr: 0.000961
[32m[1026 16:45:10 @monitor.py:476][0m regularize_loss: 0.033835
[32m[1026 16:45:10 @monitor.py:476][0m validation_accuracy: 0.8939
[32m[1026 16:45:10 @monitor.py:476][0m validation_cross_entropy_loss: 0.49792
[32m[1026 16:45:10 @base.py:273][0m Start Epoch 40 ...
[32m[1026 16:45:35 @base.py:283][0m Epoch 40 (global_step 31280) finished, time:24.9 seconds.
[32m[1026 16:45:35 @saver.py:82][0m Model saved to logs/train_log/cifar10-FP/model-31280.
[32m[1026 16:45:37 @monitor.py:476][0m QueueInput/queue_size: 50
[32m[1026 16:45:37 @monitor.py:476][0m accuracy: 0.99046
[32m[1026 16:45:37 @monitor.py:476][0m cross_entropy_loss: 0.031296
[32m[1026 16:45:37 @monitor.py:476][0m lr: 0.000961
[32m[1026 16:45:37 @monitor.py:476][0m regularize_loss: 0.032001
[32m[1026 16:45:37 @monitor.py:476][0m validation_accuracy: 0.8919
[32m[1026 16:45:37 @monitor.py:476][0m validation_cross_entropy_loss: 0.49136
[32m[1026 16:45:37 @base.py:273][0m Start Epoch 41 ...
[32m[1026 16:46:01 @base.py:283][0m Epoch 41 (global_step 32062) finished, time:24.8 seconds.
[32m[1026 16:46:02 @saver.py:82][0m Model saved to logs/train_log/cifar10-FP/model-32062.
[32m[1026 16:46:03 @monitor.py:476][0m QueueInput/queue_size: 50
[32m[1026 16:46:03 @monitor.py:476][0m accuracy: 0.99009
[32m[1026 16:46:03 @monitor.py:476][0m cross_entropy_loss: 0.0287
[32m[1026 16:46:03 @monitor.py:476][0m lr: 0.000961
[32m[1026 16:46:03 @monitor.py:476][0m regularize_loss: 0.030809
[32m[1026 16:46:03 @monitor.py:476][0m validation_accuracy: 0.8927
[32m[1026 16:46:03 @monitor.py:476][0m validation_cross_entropy_loss: 0.52249
[32m[1026 16:46:03 @base.py:273][0m Start Epoch 42 ...
[32m[1026 16:46:28 @base.py:283][0m Epoch 42 (global_step 32844) finished, time:24.8 seconds.
[32m[1026 16:46:28 @saver.py:82][0m Model saved to logs/train_log/cifar10-FP/model-32844.
[32m[1026 16:46:29 @saver.py:166][0m Model at global_step=32844 with maximum validation_accuracy=0.8945 saved.
[32m[1026 16:46:29 @monitor.py:476][0m QueueInput/queue_size: 50
[32m[1026 16:46:29 @monitor.py:476][0m accuracy: 0.98957
[32m[1026 16:46:29 @monitor.py:476][0m cross_entropy_loss: 0.032169
[32m[1026 16:46:29 @monitor.py:476][0m lr: 0.000961
[32m[1026 16:46:29 @monitor.py:476][0m regularize_loss: 0.030669
[32m[1026 16:46:29 @monitor.py:476][0m validation_accuracy: 0.8945
[32m[1026 16:46:29 @monitor.py:476][0m validation_cross_entropy_loss: 0.51878
[32m[1026 16:46:29 @base.py:273][0m Start Epoch 43 ...
[32m[1026 16:46:54 @base.py:283][0m Epoch 43 (global_step 33626) finished, time:24.8 seconds.
[32m[1026 16:46:54 @saver.py:82][0m Model saved to logs/train_log/cifar10-FP/model-33626.
[32m[1026 16:46:56 @monitor.py:476][0m QueueInput/queue_size: 50
[32m[1026 16:46:56 @monitor.py:476][0m accuracy: 0.99346
[32m[1026 16:46:56 @monitor.py:476][0m cross_entropy_loss: 0.021457
[32m[1026 16:46:56 @monitor.py:476][0m lr: 0.000961
[32m[1026 16:46:56 @monitor.py:476][0m regularize_loss: 0.030059
[32m[1026 16:46:56 @monitor.py:476][0m validation_accuracy: 0.8907
[32m[1026 16:46:56 @monitor.py:476][0m validation_cross_entropy_loss: 0.53952
[32m[1026 16:46:56 @base.py:273][0m Start Epoch 44 ...
[32m[1026 16:47:21 @base.py:283][0m Epoch 44 (global_step 34408) finished, time:24.8 seconds.
[32m[1026 16:47:21 @saver.py:82][0m Model saved to logs/train_log/cifar10-FP/model-34408.
[32m[1026 16:47:22 @monitor.py:476][0m QueueInput/queue_size: 50
[32m[1026 16:47:22 @monitor.py:476][0m accuracy: 0.98872
[32m[1026 16:47:22 @monitor.py:476][0m cross_entropy_loss: 0.036998
[32m[1026 16:47:22 @monitor.py:476][0m lr: 0.000961
[32m[1026 16:47:22 @monitor.py:476][0m regularize_loss: 0.029611
[32m[1026 16:47:22 @monitor.py:476][0m validation_accuracy: 0.8926
[32m[1026 16:47:22 @monitor.py:476][0m validation_cross_entropy_loss: 0.53375
[32m[1026 16:47:22 @base.py:273][0m Start Epoch 45 ...
[32m[1026 16:47:47 @base.py:283][0m Epoch 45 (global_step 35190) finished, time:24.8 seconds.
[32m[1026 16:47:47 @saver.py:82][0m Model saved to logs/train_log/cifar10-FP/model-35190.
[32m[1026 16:47:49 @param.py:442][0m [StatMonitorParamSetter] Triggered, history of validation_cross_entropy_loss: 0.472,0.482,0.491,0.498,0.491,0.522,0.519,0.54,0.534,0.536
[32m[1026 16:47:49 @param.py:165][0m [HyperParamSetter] At global_step=35190, learning_rate changes from 0.000961 to 0.000298
[32m[1026 16:47:49 @monitor.py:476][0m QueueInput/queue_size: 50
[32m[1026 16:47:49 @monitor.py:476][0m accuracy: 0.99114
[32m[1026 16:47:49 @monitor.py:476][0m cross_entropy_loss: 0.027046
[32m[1026 16:47:49 @monitor.py:476][0m lr: 0.000961
[32m[1026 16:47:49 @monitor.py:476][0m regularize_loss: 0.029807
[32m[1026 16:47:49 @monitor.py:476][0m validation_accuracy: 0.8937
[32m[1026 16:47:49 @monitor.py:476][0m validation_cross_entropy_loss: 0.53604
[32m[1026 16:47:49 @base.py:273][0m Start Epoch 46 ...
[32m[1026 16:48:13 @base.py:283][0m Epoch 46 (global_step 35972) finished, time:24.8 seconds.
[32m[1026 16:48:13 @saver.py:82][0m Model saved to logs/train_log/cifar10-FP/model-35972.
[32m[1026 16:48:15 @saver.py:166][0m Model at global_step=35972 with maximum validation_accuracy=0.8952 saved.
[32m[1026 16:48:15 @monitor.py:476][0m QueueInput/queue_size: 50
[32m[1026 16:48:15 @monitor.py:476][0m accuracy: 0.99097
[32m[1026 16:48:15 @monitor.py:476][0m cross_entropy_loss: 0.028722
[32m[1026 16:48:15 @monitor.py:476][0m lr: 0.00029791
[32m[1026 16:48:15 @monitor.py:476][0m regularize_loss: 0.028412
[32m[1026 16:48:15 @monitor.py:476][0m validation_accuracy: 0.8952
[32m[1026 16:48:15 @monitor.py:476][0m validation_cross_entropy_loss: 0.54119
[32m[1026 16:48:15 @base.py:273][0m Start Epoch 47 ...
[32m[1026 16:48:40 @base.py:283][0m Epoch 47 (global_step 36754) finished, time:24.8 seconds.
[32m[1026 16:48:40 @saver.py:82][0m Model saved to logs/train_log/cifar10-FP/model-36754.
[32m[1026 16:48:41 @monitor.py:476][0m QueueInput/queue_size: 50
[32m[1026 16:48:41 @monitor.py:476][0m accuracy: 0.99668
[32m[1026 16:48:41 @monitor.py:476][0m cross_entropy_loss: 0.016924
[32m[1026 16:48:41 @monitor.py:476][0m lr: 0.00029791
[32m[1026 16:48:41 @monitor.py:476][0m regularize_loss: 0.02707
[32m[1026 16:48:41 @monitor.py:476][0m validation_accuracy: 0.8936
[32m[1026 16:48:41 @monitor.py:476][0m validation_cross_entropy_loss: 0.53102
[32m[1026 16:48:41 @base.py:273][0m Start Epoch 48 ...
[32m[1026 16:49:06 @base.py:283][0m Epoch 48 (global_step 37536) finished, time:24.8 seconds.
[32m[1026 16:49:06 @saver.py:82][0m Model saved to logs/train_log/cifar10-FP/model-37536.
[32m[1026 16:49:08 @monitor.py:476][0m QueueInput/queue_size: 50
[32m[1026 16:49:08 @monitor.py:476][0m accuracy: 0.9953
[32m[1026 16:49:08 @monitor.py:476][0m cross_entropy_loss: 0.017501
[32m[1026 16:49:08 @monitor.py:476][0m lr: 0.00029791
[32m[1026 16:49:08 @monitor.py:476][0m regularize_loss: 0.025834
[32m[1026 16:49:08 @monitor.py:476][0m validation_accuracy: 0.8939
[32m[1026 16:49:08 @monitor.py:476][0m validation_cross_entropy_loss: 0.54082
[32m[1026 16:49:08 @base.py:273][0m Start Epoch 49 ...
[32m[1026 16:49:33 @base.py:283][0m Epoch 49 (global_step 38318) finished, time:24.9 seconds.
[32m[1026 16:49:33 @saver.py:82][0m Model saved to logs/train_log/cifar10-FP/model-38318.
[32m[1026 16:49:34 @saver.py:166][0m Model at global_step=38318 with maximum validation_accuracy=0.8967 saved.
[32m[1026 16:49:34 @monitor.py:476][0m QueueInput/queue_size: 50
[32m[1026 16:49:34 @monitor.py:476][0m accuracy: 0.99626
[32m[1026 16:49:34 @monitor.py:476][0m cross_entropy_loss: 0.013891
[32m[1026 16:49:34 @monitor.py:476][0m lr: 0.00029791
[32m[1026 16:49:34 @monitor.py:476][0m regularize_loss: 0.024764
[32m[1026 16:49:34 @monitor.py:476][0m validation_accuracy: 0.8967
[32m[1026 16:49:34 @monitor.py:476][0m validation_cross_entropy_loss: 0.53936
[32m[1026 16:49:34 @base.py:273][0m Start Epoch 50 ...
[32m[1026 16:49:59 @base.py:283][0m Epoch 50 (global_step 39100) finished, time:24.8 seconds.
[32m[1026 16:49:59 @saver.py:82][0m Model saved to logs/train_log/cifar10-FP/model-39100.
[32m[1026 16:50:01 @monitor.py:476][0m QueueInput/queue_size: 50
[32m[1026 16:50:01 @monitor.py:476][0m accuracy: 0.99727
[32m[1026 16:50:01 @monitor.py:476][0m cross_entropy_loss: 0.015475
[32m[1026 16:50:01 @monitor.py:476][0m lr: 0.00029791
[32m[1026 16:50:01 @monitor.py:476][0m regularize_loss: 0.023823
[32m[1026 16:50:01 @monitor.py:476][0m validation_accuracy: 0.8953
[32m[1026 16:50:01 @monitor.py:476][0m validation_cross_entropy_loss: 0.54112
[32m[1026 16:50:01 @base.py:273][0m Start Epoch 51 ...
[32m[1026 16:50:25 @base.py:283][0m Epoch 51 (global_step 39882) finished, time:24.8 seconds.
[32m[1026 16:50:26 @saver.py:82][0m Model saved to logs/train_log/cifar10-FP/model-39882.
[32m[1026 16:50:27 @monitor.py:476][0m QueueInput/queue_size: 50
[32m[1026 16:50:27 @monitor.py:476][0m accuracy: 0.99145
[32m[1026 16:50:27 @monitor.py:476][0m cross_entropy_loss: 0.030201
[32m[1026 16:50:27 @monitor.py:476][0m lr: 0.00029791
[32m[1026 16:50:27 @monitor.py:476][0m regularize_loss: 0.022891
[32m[1026 16:50:27 @monitor.py:476][0m validation_accuracy: 0.8948
[32m[1026 16:50:27 @monitor.py:476][0m validation_cross_entropy_loss: 0.55024
[32m[1026 16:50:27 @base.py:273][0m Start Epoch 52 ...
[32m[1026 16:50:30 @base.py:291][0m Detected Ctrl-C and exiting main loop.
