[1013 17:29:07 @logger.py:92] Argv: /home/nushi/.local/lib/python3.7/site-packages/ipykernel_launcher.py --f=/home/nushi/.local/share/jupyter/runtime/kernel-v36495bbb2504c723c728ea1b2bf0c57383c385a7e.json
[1013 17:29:07 @registry.py:90] 'conv1.1': [?, 32, 32, 3] --> [?, 32, 32, 64]
[1013 17:29:08 @registry.py:90] 'conv1.2': [?, 32, 32, 64] --> [?, 32, 32, 64]
[1013 17:29:08 @registry.py:90] 'pool1': [?, 32, 32, 64] --> [?, 16, 16, 64]
[1013 17:29:08 @registry.py:90] 'conv2.1': [?, 16, 16, 64] --> [?, 16, 16, 128]
[1013 17:29:08 @registry.py:90] 'conv2.2': [?, 16, 16, 128] --> [?, 16, 16, 128]
[1013 17:29:08 @registry.py:90] 'pool2': [?, 16, 16, 128] --> [?, 8, 8, 128]
[1013 17:29:08 @registry.py:90] 'conv3.1': [?, 8, 8, 128] --> [?, 6, 6, 128]
[1013 17:29:08 @registry.py:90] 'conv3.2': [?, 6, 6, 128] --> [?, 4, 4, 128]
[1013 17:29:08 @registry.py:90] 'fc0': [?, 4, 4, 128] --> [?, 1536]
[1013 17:29:08 @registry.py:90] 'fc1': [?, 1536] --> [?, 512]
[1013 17:29:08 @registry.py:90] 'linear': [?, 512] --> [?, 10]
[1013 17:29:08 @collection.py:146] New collections created in tower : logits of size 1
[1013 17:29:08 @sessinit.py:87] WRN The following variables are in the checkpoint, but not found in the graph: beta1_power, beta2_power, global_step, learning_rate
[1013 17:29:10 @sessinit.py:114] Restoring checkpoint from logs/train_log/cifar_a-cifar10-FP/min-val_cross_entropy_loss ...
[1013 17:29:24 @inference_core.py:548] Total  benign images  classified correctly by the network : (8894, 32, 32, 3) 
[1013 17:29:25 @inference_core.py:555] Total  benign images  classified incorrectly by the network : (1106, 32, 32, 3) 
[1013 17:29:25 @inference_core.py:123] The overall accuracy of the model: 0.8894, error: 0.1106 
[1013 17:29:26 @collection.py:146] New collections created in tower : logits of size 1
[1013 17:29:26 @sessinit.py:87] WRN The following variables are in the checkpoint, but not found in the graph: beta1_power, beta2_power, global_step, learning_rate
[1013 17:29:26 @sessinit.py:114] Restoring checkpoint from logs/train_log/cifar_a-cifar10-FP/min-val_cross_entropy_loss ...
[1013 17:34:36 @cifar.py:39] Found cifar10 datas in ./CIFAR10Data.
