[32m[0814 16:54:05 @logger.py:92][0m Argv: test.py
[32m[0814 16:54:06 @input_source.py:221][0m Setting up the queue 'QueueInput/input_queue' for CPU prefetching ...
[32m[0814 16:54:06 @trainers.py:48][0m Building graph for a single training tower ...
[32m[0814 16:54:06 @registry.py:90][0m 'conv0': [?, 28, 28, 1] --> [?, 28, 28, 32]
[32m[0814 16:54:06 @registry.py:90][0m 'conv1': [?, 28, 28, 32] --> [?, 28, 28, 32]
[32m[0814 16:54:06 @registry.py:90][0m 'pool0': [?, 28, 28, 32] --> [?, 14, 14, 32]
[32m[0814 16:54:06 @registry.py:90][0m 'conv2': [?, 14, 14, 32] --> [?, 14, 14, 64]
[32m[0814 16:54:06 @registry.py:90][0m 'conv3': [?, 14, 14, 64] --> [?, 14, 14, 64]
[32m[0814 16:54:06 @registry.py:90][0m 'pool1': [?, 14, 14, 64] --> [?, 7, 7, 64]
[32m[0814 16:54:06 @registry.py:90][0m 'fc0': [?, 7, 7, 64] --> [?, 200]
[32m[0814 16:54:06 @registry.py:90][0m 'fc1': [?, 200] --> [?, 200]
[32m[0814 16:54:06 @registry.py:90][0m 'linear': [?, 200] --> [?, 10]
[32m[0814 16:54:06 @regularize.py:97][0m regularize_cost() found 2 variables to regularize.
[32m[0814 16:54:06 @regularize.py:21][0m The following tensors will be regularized: fc0/W:0, fc1/W:0
[32m[0814 16:54:06 @model_utils.py:67][0m [36mList of Trainable Variables: 
[0mname      shape             #elements
--------  --------------  -----------
conv0/W   [3, 3, 1, 32]           288
conv0/b   [32]                     32
conv1/W   [3, 3, 32, 32]         9216
conv1/b   [32]                     32
conv2/W   [3, 3, 32, 64]        18432
conv2/b   [64]                     64
conv3/W   [3, 3, 64, 64]        36864
conv3/b   [64]                     64
fc0/W     [3136, 200]          627200
fc0/b     [200]                   200
fc1/W     [200, 200]            40000
fc1/b     [200]                   200
linear/W  [200, 10]              2000
linear/b  [10]                     10[36m
Number of trainable variables: 14
Number of parameters (elements): 734602
Storage space needed for all trainable variables: 2.80MB[0m
[32m[0814 16:54:06 @base.py:207][0m Setup callbacks graph ...
[32m[0814 16:54:06 @inference_runner.py:148][0m [InferenceRunner] Building tower 'InferenceTower' on device /gpu:0 ...
[32m[0814 16:54:06 @collection.py:152][0m Size of these collections were changed in InferenceTower: (logits: 1->2)
[32m[0814 16:54:06 @summary.py:47][0m [MovingAverageSummary] 3 operations in collection 'MOVING_SUMMARY_OPS' will be run with session hooks.
[32m[0814 16:54:06 @summary.py:94][0m Summarizing collection 'summaries' of size 19.
[32m[0814 16:54:06 @base.py:228][0m Creating the session ...
[32m[0814 16:54:07 @base.py:234][0m Initializing the session ...
[32m[0814 16:54:07 @base.py:241][0m Graph Finalized.
[32m[0814 16:54:07 @concurrency.py:37][0m Starting EnqueueThread: enqueue dataflow to TF queue "QueueInput/input_queue" ...
[32m[0814 16:54:07 @inference_runner.py:95][0m [InferenceRunner] Will eval 100 iterations
[32m[0814 16:54:07 @base.py:273][0m Start Epoch 1 ...
[32m[0814 16:58:04 @base.py:283][0m Epoch 1 (global_step 469) finished, time:3 minutes 56 seconds.
[32m[0814 16:58:04 @saver.py:82][0m Model saved to logs/train_log/mnist-FP/model-469.
[32m[0814 16:58:22 @saver.py:166][0m Model at global_step=469 with maximum val_accuracy=0.9838 saved.
[32m[0814 16:58:22 @saver.py:166][0m Model at global_step=469 with minimum val_cross_entropy_loss=0.048055 saved.
[32m[0814 16:58:22 @monitor.py:476][0m QueueInput/queue_size: 50
[32m[0814 16:58:22 @monitor.py:476][0m accuracy: 0.97344
[32m[0814 16:58:22 @monitor.py:476][0m cross_entropy_loss: 0.090951
[32m[0814 16:58:22 @monitor.py:476][0m learning_rate: 0.01
[32m[0814 16:58:22 @monitor.py:476][0m param-summary/conv0/W-rms: 0.47887
[32m[0814 16:58:22 @monitor.py:476][0m param-summary/conv1/W-rms: 0.084455
[32m[0814 16:58:22 @monitor.py:476][0m param-summary/conv2/W-rms: 0.084506
[32m[0814 16:58:22 @monitor.py:476][0m param-summary/conv3/W-rms: 0.05925
[32m[0814 16:58:22 @monitor.py:476][0m param-summary/fc0/W-rms: 0.025642
[32m[0814 16:58:22 @monitor.py:476][0m param-summary/fc1/W-rms: 0.10009
[32m[0814 16:58:22 @monitor.py:476][0m param-summary/linear/W-rms: 0.10654
[32m[0814 16:58:22 @monitor.py:476][0m train_error: 0.026556
[32m[0814 16:58:22 @monitor.py:476][0m val_accuracy: 0.9838
[32m[0814 16:58:22 @monitor.py:476][0m val_cross_entropy_loss: 0.048055
[32m[0814 16:58:22 @group.py:44][0m Callbacks took 18.706 sec in total. InferenceRunner: 18.6 seconds
[32m[0814 16:58:22 @base.py:273][0m Start Epoch 2 ...
[32m[0814 17:02:19 @base.py:283][0m Epoch 2 (global_step 938) finished, time:3 minutes 56 seconds.
[32m[0814 17:02:19 @saver.py:82][0m Model saved to logs/train_log/mnist-FP/model-938.
[32m[0814 17:02:38 @saver.py:166][0m Model at global_step=938 with maximum val_accuracy=0.9881 saved.
[32m[0814 17:02:38 @saver.py:166][0m Model at global_step=938 with minimum val_cross_entropy_loss=0.035818 saved.
[32m[0814 17:02:38 @monitor.py:476][0m QueueInput/queue_size: 50
[32m[0814 17:02:38 @monitor.py:476][0m accuracy: 0.98257
[32m[0814 17:02:38 @monitor.py:476][0m cross_entropy_loss: 0.057239
[32m[0814 17:02:38 @monitor.py:476][0m learning_rate: 0.01
[32m[0814 17:02:38 @monitor.py:476][0m param-summary/conv0/W-rms: 0.48063
[32m[0814 17:02:38 @monitor.py:476][0m param-summary/conv1/W-rms: 0.084971
[32m[0814 17:02:38 @monitor.py:476][0m param-summary/conv2/W-rms: 0.084858
[32m[0814 17:02:38 @monitor.py:476][0m param-summary/conv3/W-rms: 0.059584
[32m[0814 17:02:38 @monitor.py:476][0m param-summary/fc0/W-rms: 0.025762
[32m[0814 17:02:38 @monitor.py:476][0m param-summary/fc1/W-rms: 0.10021
[32m[0814 17:02:38 @monitor.py:476][0m param-summary/linear/W-rms: 0.10845
[32m[0814 17:02:38 @monitor.py:476][0m train_error: 0.017432
[32m[0814 17:02:38 @monitor.py:476][0m val_accuracy: 0.9881
[32m[0814 17:02:38 @monitor.py:476][0m val_cross_entropy_loss: 0.035818
[32m[0814 17:02:38 @group.py:44][0m Callbacks took 18.791 sec in total. InferenceRunner: 18.7 seconds
[32m[0814 17:02:38 @base.py:273][0m Start Epoch 3 ...
[32m[0814 17:06:34 @base.py:283][0m Epoch 3 (global_step 1407) finished, time:3 minutes 55 seconds.
[32m[0814 17:06:34 @saver.py:82][0m Model saved to logs/train_log/mnist-FP/model-1407.
[32m[0814 17:06:52 @saver.py:166][0m Model at global_step=1407 with maximum val_accuracy=0.9903 saved.
[32m[0814 17:06:52 @saver.py:166][0m Model at global_step=1407 with minimum val_cross_entropy_loss=0.027704 saved.
[32m[0814 17:06:52 @monitor.py:476][0m QueueInput/queue_size: 50
[32m[0814 17:06:52 @monitor.py:476][0m accuracy: 0.9875
[32m[0814 17:06:52 @monitor.py:476][0m cross_entropy_loss: 0.044847
[32m[0814 17:06:52 @monitor.py:476][0m learning_rate: 0.01
[32m[0814 17:06:52 @monitor.py:476][0m param-summary/conv0/W-rms: 0.48179
[32m[0814 17:06:52 @monitor.py:476][0m param-summary/conv1/W-rms: 0.085332
[32m[0814 17:06:52 @monitor.py:476][0m param-summary/conv2/W-rms: 0.08511
[32m[0814 17:06:52 @monitor.py:476][0m param-summary/conv3/W-rms: 0.059837
[32m[0814 17:06:52 @monitor.py:476][0m param-summary/fc0/W-rms: 0.025852
[32m[0814 17:06:52 @monitor.py:476][0m param-summary/fc1/W-rms: 0.10029
[32m[0814 17:06:52 @monitor.py:476][0m param-summary/linear/W-rms: 0.10975
[32m[0814 17:06:52 @monitor.py:476][0m train_error: 0.012502
[32m[0814 17:06:52 @monitor.py:476][0m val_accuracy: 0.9903
[32m[0814 17:06:52 @monitor.py:476][0m val_cross_entropy_loss: 0.027704
[32m[0814 17:06:52 @group.py:44][0m Callbacks took 18.601 sec in total. InferenceRunner: 18.5 seconds
[32m[0814 17:06:52 @base.py:273][0m Start Epoch 4 ...
[32m[0814 17:10:53 @base.py:283][0m Epoch 4 (global_step 1876) finished, time:4 minutes.
[32m[0814 17:10:53 @saver.py:82][0m Model saved to logs/train_log/mnist-FP/model-1876.
[32m[0814 17:11:11 @saver.py:166][0m Model at global_step=1876 with maximum val_accuracy=0.9916 saved.
[32m[0814 17:11:11 @saver.py:166][0m Model at global_step=1876 with minimum val_cross_entropy_loss=0.024344 saved.
[32m[0814 17:11:11 @monitor.py:476][0m QueueInput/queue_size: 50
[32m[0814 17:11:11 @monitor.py:476][0m accuracy: 0.98961
[32m[0814 17:11:11 @monitor.py:476][0m cross_entropy_loss: 0.033174
[32m[0814 17:11:11 @monitor.py:476][0m learning_rate: 0.01
[32m[0814 17:11:11 @monitor.py:476][0m param-summary/conv0/W-rms: 0.48302
[32m[0814 17:11:11 @monitor.py:476][0m param-summary/conv1/W-rms: 0.085677
[32m[0814 17:11:11 @monitor.py:476][0m param-summary/conv2/W-rms: 0.085339
[32m[0814 17:11:11 @monitor.py:476][0m param-summary/conv3/W-rms: 0.060057
[32m[0814 17:11:11 @monitor.py:476][0m param-summary/fc0/W-rms: 0.025926
[32m[0814 17:11:11 @monitor.py:476][0m param-summary/fc1/W-rms: 0.10036
[32m[0814 17:11:11 @monitor.py:476][0m param-summary/linear/W-rms: 0.11092
[32m[0814 17:11:11 @monitor.py:476][0m train_error: 0.01039
[32m[0814 17:11:11 @monitor.py:476][0m val_accuracy: 0.9916
[32m[0814 17:11:11 @monitor.py:476][0m val_cross_entropy_loss: 0.024344
[32m[0814 17:11:11 @group.py:44][0m Callbacks took 18.551 sec in total. InferenceRunner: 18.5 seconds
[32m[0814 17:11:11 @base.py:273][0m Start Epoch 5 ...
[32m[0814 17:15:02 @base.py:283][0m Epoch 5 (global_step 2345) finished, time:3 minutes 51 seconds.
[32m[0814 17:15:02 @saver.py:82][0m Model saved to logs/train_log/mnist-FP/model-2345.
[32m[0814 17:15:21 @saver.py:166][0m Model at global_step=2345 with maximum val_accuracy=0.9921 saved.
[32m[0814 17:15:21 @saver.py:166][0m Model at global_step=2345 with minimum val_cross_entropy_loss=0.024124 saved.
[32m[0814 17:15:21 @monitor.py:476][0m QueueInput/queue_size: 50
[32m[0814 17:15:21 @monitor.py:476][0m accuracy: 0.99095
[32m[0814 17:15:21 @monitor.py:476][0m cross_entropy_loss: 0.029799
[32m[0814 17:15:21 @monitor.py:476][0m learning_rate: 0.01
[32m[0814 17:15:21 @monitor.py:476][0m param-summary/conv0/W-rms: 0.48403
[32m[0814 17:15:21 @monitor.py:476][0m param-summary/conv1/W-rms: 0.085967
[32m[0814 17:15:21 @monitor.py:476][0m param-summary/conv2/W-rms: 0.085535
[32m[0814 17:15:21 @monitor.py:476][0m param-summary/conv3/W-rms: 0.06025
[32m[0814 17:15:21 @monitor.py:476][0m param-summary/fc0/W-rms: 0.02599
[32m[0814 17:15:21 @monitor.py:476][0m param-summary/fc1/W-rms: 0.10042
[32m[0814 17:15:21 @monitor.py:476][0m param-summary/linear/W-rms: 0.11192
[32m[0814 17:15:21 @monitor.py:476][0m train_error: 0.0090489
[32m[0814 17:15:21 @monitor.py:476][0m val_accuracy: 0.9921
[32m[0814 17:15:21 @monitor.py:476][0m val_cross_entropy_loss: 0.024124
[32m[0814 17:15:21 @group.py:44][0m Callbacks took 18.481 sec in total. InferenceRunner: 18.4 seconds
[32m[0814 17:15:21 @base.py:273][0m Start Epoch 6 ...
[32m[0814 17:19:12 @base.py:283][0m Epoch 6 (global_step 2814) finished, time:3 minutes 51 seconds.
[32m[0814 17:19:12 @saver.py:82][0m Model saved to logs/train_log/mnist-FP/model-2814.
[32m[0814 17:19:31 @saver.py:166][0m Model at global_step=2814 with maximum val_accuracy=0.9927 saved.
[32m[0814 17:19:31 @saver.py:166][0m Model at global_step=2814 with minimum val_cross_entropy_loss=0.021561 saved.
[32m[0814 17:19:31 @monitor.py:476][0m QueueInput/queue_size: 50
[32m[0814 17:19:31 @monitor.py:476][0m accuracy: 0.9947
[32m[0814 17:19:31 @monitor.py:476][0m cross_entropy_loss: 0.018974
[32m[0814 17:19:31 @monitor.py:476][0m learning_rate: 0.01
[32m[0814 17:19:31 @monitor.py:476][0m param-summary/conv0/W-rms: 0.48513
[32m[0814 17:19:31 @monitor.py:476][0m param-summary/conv1/W-rms: 0.086254
[32m[0814 17:19:31 @monitor.py:476][0m param-summary/conv2/W-rms: 0.085719
[32m[0814 17:19:31 @monitor.py:476][0m param-summary/conv3/W-rms: 0.060428
[32m[0814 17:19:31 @monitor.py:476][0m param-summary/fc0/W-rms: 0.026046
[32m[0814 17:19:31 @monitor.py:476][0m param-summary/fc1/W-rms: 0.10047
[32m[0814 17:19:31 @monitor.py:476][0m param-summary/linear/W-rms: 0.11291
[32m[0814 17:19:31 @monitor.py:476][0m train_error: 0.0053002
[32m[0814 17:19:31 @monitor.py:476][0m val_accuracy: 0.9927
[32m[0814 17:19:31 @monitor.py:476][0m val_cross_entropy_loss: 0.021561
[32m[0814 17:19:31 @group.py:44][0m Callbacks took 18.709 sec in total. InferenceRunner: 18.6 seconds
[32m[0814 17:19:31 @base.py:273][0m Start Epoch 7 ...
[32m[0814 17:23:31 @base.py:283][0m Epoch 7 (global_step 3283) finished, time:4 minutes.
[32m[0814 17:23:31 @saver.py:82][0m Model saved to logs/train_log/mnist-FP/model-3283.
[32m[0814 17:23:49 @monitor.py:476][0m QueueInput/queue_size: 50
[32m[0814 17:23:49 @monitor.py:476][0m accuracy: 0.993
[32m[0814 17:23:49 @monitor.py:476][0m cross_entropy_loss: 0.020599
[32m[0814 17:23:49 @monitor.py:476][0m learning_rate: 0.01
[32m[0814 17:23:49 @monitor.py:476][0m param-summary/conv0/W-rms: 0.486
[32m[0814 17:23:49 @monitor.py:476][0m param-summary/conv1/W-rms: 0.086493
[32m[0814 17:23:49 @monitor.py:476][0m param-summary/conv2/W-rms: 0.08588
[32m[0814 17:23:49 @monitor.py:476][0m param-summary/conv3/W-rms: 0.060588
[32m[0814 17:23:49 @monitor.py:476][0m param-summary/fc0/W-rms: 0.026095
[32m[0814 17:23:49 @monitor.py:476][0m param-summary/fc1/W-rms: 0.10052
[32m[0814 17:23:49 @monitor.py:476][0m param-summary/linear/W-rms: 0.11371
[32m[0814 17:23:49 @monitor.py:476][0m train_error: 0.0070027
[32m[0814 17:23:49 @monitor.py:476][0m val_accuracy: 0.9913
[32m[0814 17:23:49 @monitor.py:476][0m val_cross_entropy_loss: 0.026917
[32m[0814 17:23:49 @group.py:44][0m Callbacks took 18.391 sec in total. InferenceRunner: 18.4 seconds
[32m[0814 17:23:49 @base.py:273][0m Start Epoch 8 ...
[32m[0814 17:27:44 @base.py:283][0m Epoch 8 (global_step 3752) finished, time:3 minutes 54 seconds.
[32m[0814 17:27:44 @saver.py:82][0m Model saved to logs/train_log/mnist-FP/model-3752.
[32m[0814 17:28:02 @monitor.py:476][0m QueueInput/queue_size: 50
[32m[0814 17:28:02 @monitor.py:476][0m accuracy: 0.99394
[32m[0814 17:28:02 @monitor.py:476][0m cross_entropy_loss: 0.015916
[32m[0814 17:28:02 @monitor.py:476][0m learning_rate: 0.01
[32m[0814 17:28:02 @monitor.py:476][0m param-summary/conv0/W-rms: 0.48703
[32m[0814 17:28:02 @monitor.py:476][0m param-summary/conv1/W-rms: 0.086747
[32m[0814 17:28:02 @monitor.py:476][0m param-summary/conv2/W-rms: 0.086044
[32m[0814 17:28:02 @monitor.py:476][0m param-summary/conv3/W-rms: 0.060746
[32m[0814 17:28:02 @monitor.py:476][0m param-summary/fc0/W-rms: 0.026141
[32m[0814 17:28:02 @monitor.py:476][0m param-summary/fc1/W-rms: 0.10057
[32m[0814 17:28:02 @monitor.py:476][0m param-summary/linear/W-rms: 0.11458
[32m[0814 17:28:02 @monitor.py:476][0m train_error: 0.006057
[32m[0814 17:28:02 @monitor.py:476][0m val_accuracy: 0.9927
[32m[0814 17:28:02 @monitor.py:476][0m val_cross_entropy_loss: 0.022529
[32m[0814 17:28:02 @group.py:44][0m Callbacks took 18.460 sec in total. InferenceRunner: 18.4 seconds
[32m[0814 17:28:02 @base.py:273][0m Start Epoch 9 ...
[32m[0814 17:31:59 @base.py:283][0m Epoch 9 (global_step 4221) finished, time:3 minutes 56 seconds.
[32m[0814 17:31:59 @saver.py:82][0m Model saved to logs/train_log/mnist-FP/model-4221.
[32m[0814 17:32:17 @saver.py:166][0m Model at global_step=4221 with maximum val_accuracy=0.9932 saved.
[32m[0814 17:32:17 @monitor.py:476][0m QueueInput/queue_size: 50
[32m[0814 17:32:17 @monitor.py:476][0m accuracy: 0.99247
[32m[0814 17:32:17 @monitor.py:476][0m cross_entropy_loss: 0.022136
[32m[0814 17:32:17 @monitor.py:476][0m learning_rate: 0.01
[32m[0814 17:32:17 @monitor.py:476][0m param-summary/conv0/W-rms: 0.48783
[32m[0814 17:32:17 @monitor.py:476][0m param-summary/conv1/W-rms: 0.086962
[32m[0814 17:32:17 @monitor.py:476][0m param-summary/conv2/W-rms: 0.086191
[32m[0814 17:32:17 @monitor.py:476][0m param-summary/conv3/W-rms: 0.060897
[32m[0814 17:32:17 @monitor.py:476][0m param-summary/fc0/W-rms: 0.026187
[32m[0814 17:32:17 @monitor.py:476][0m param-summary/fc1/W-rms: 0.10061
[32m[0814 17:32:17 @monitor.py:476][0m param-summary/linear/W-rms: 0.11528
[32m[0814 17:32:17 @monitor.py:476][0m train_error: 0.007526
[32m[0814 17:32:17 @monitor.py:476][0m val_accuracy: 0.9932
[32m[0814 17:32:17 @monitor.py:476][0m val_cross_entropy_loss: 0.022457
[32m[0814 17:32:17 @group.py:44][0m Callbacks took 18.651 sec in total. InferenceRunner: 18.6 seconds
[32m[0814 17:32:17 @base.py:273][0m Start Epoch 10 ...
[32m[0814 17:36:09 @base.py:283][0m Epoch 10 (global_step 4690) finished, time:3 minutes 52 seconds.
[32m[0814 17:36:09 @saver.py:82][0m Model saved to logs/train_log/mnist-FP/model-4690.
[32m[0814 17:36:28 @monitor.py:476][0m QueueInput/queue_size: 50
[32m[0814 17:36:28 @monitor.py:476][0m accuracy: 0.99629
[32m[0814 17:36:28 @monitor.py:476][0m cross_entropy_loss: 0.011885
[32m[0814 17:36:28 @monitor.py:476][0m learning_rate: 0.01
[32m[0814 17:36:28 @monitor.py:476][0m param-summary/conv0/W-rms: 0.4887
[32m[0814 17:36:28 @monitor.py:476][0m param-summary/conv1/W-rms: 0.087179
[32m[0814 17:36:28 @monitor.py:476][0m param-summary/conv2/W-rms: 0.086336
[32m[0814 17:36:28 @monitor.py:476][0m param-summary/conv3/W-rms: 0.06104
[32m[0814 17:36:28 @monitor.py:476][0m param-summary/fc0/W-rms: 0.026229
[32m[0814 17:36:28 @monitor.py:476][0m param-summary/fc1/W-rms: 0.10065
[32m[0814 17:36:28 @monitor.py:476][0m param-summary/linear/W-rms: 0.11601
[32m[0814 17:36:28 @monitor.py:476][0m train_error: 0.0037053
[32m[0814 17:36:28 @monitor.py:476][0m val_accuracy: 0.993
[32m[0814 17:36:28 @monitor.py:476][0m val_cross_entropy_loss: 0.022975
[32m[0814 17:36:28 @group.py:44][0m Callbacks took 18.732 sec in total. InferenceRunner: 18.7 seconds
[32m[0814 17:36:28 @base.py:273][0m Start Epoch 11 ...
[32m[0814 17:40:24 @base.py:283][0m Epoch 11 (global_step 5159) finished, time:3 minutes 55 seconds.
[32m[0814 17:40:24 @saver.py:82][0m Model saved to logs/train_log/mnist-FP/model-5159.
[32m[0814 17:40:43 @monitor.py:476][0m QueueInput/queue_size: 50
[32m[0814 17:40:43 @monitor.py:476][0m accuracy: 0.99558
[32m[0814 17:40:43 @monitor.py:476][0m cross_entropy_loss: 0.012658
[32m[0814 17:40:43 @monitor.py:476][0m learning_rate: 0.01
[32m[0814 17:40:43 @monitor.py:476][0m param-summary/conv0/W-rms: 0.48948
[32m[0814 17:40:43 @monitor.py:476][0m param-summary/conv1/W-rms: 0.087371
[32m[0814 17:40:43 @monitor.py:476][0m param-summary/conv2/W-rms: 0.086462
[32m[0814 17:40:43 @monitor.py:476][0m param-summary/conv3/W-rms: 0.061164
[32m[0814 17:40:43 @monitor.py:476][0m param-summary/fc0/W-rms: 0.026265
[32m[0814 17:40:43 @monitor.py:476][0m param-summary/fc1/W-rms: 0.10069
[32m[0814 17:40:43 @monitor.py:476][0m param-summary/linear/W-rms: 0.11667
[32m[0814 17:40:43 @monitor.py:476][0m train_error: 0.0044203
[32m[0814 17:40:43 @monitor.py:476][0m val_accuracy: 0.9927
[32m[0814 17:40:43 @monitor.py:476][0m val_cross_entropy_loss: 0.021574
[32m[0814 17:40:43 @group.py:44][0m Callbacks took 18.492 sec in total. InferenceRunner: 18.5 seconds
[32m[0814 17:40:43 @base.py:273][0m Start Epoch 12 ...
[32m[0814 17:44:40 @base.py:283][0m Epoch 12 (global_step 5628) finished, time:3 minutes 57 seconds.
[32m[0814 17:44:40 @saver.py:82][0m Model saved to logs/train_log/mnist-FP/model-5628.
[32m[0814 17:44:58 @saver.py:166][0m Model at global_step=5628 with maximum val_accuracy=0.9933 saved.
[32m[0814 17:44:58 @monitor.py:476][0m QueueInput/queue_size: 50
[32m[0814 17:44:58 @monitor.py:476][0m accuracy: 0.99765
[32m[0814 17:44:58 @monitor.py:476][0m cross_entropy_loss: 0.0072587
[32m[0814 17:44:58 @monitor.py:476][0m learning_rate: 0.01
[32m[0814 17:44:58 @monitor.py:476][0m param-summary/conv0/W-rms: 0.49024
[32m[0814 17:44:58 @monitor.py:476][0m param-summary/conv1/W-rms: 0.087565
[32m[0814 17:44:58 @monitor.py:476][0m param-summary/conv2/W-rms: 0.086591
[32m[0814 17:44:58 @monitor.py:476][0m param-summary/conv3/W-rms: 0.061293
[32m[0814 17:44:58 @monitor.py:476][0m param-summary/fc0/W-rms: 0.026303
[32m[0814 17:44:58 @monitor.py:476][0m param-summary/fc1/W-rms: 0.10073
[32m[0814 17:44:58 @monitor.py:476][0m param-summary/linear/W-rms: 0.1173
[32m[0814 17:44:58 @monitor.py:476][0m train_error: 0.0023453
[32m[0814 17:44:58 @monitor.py:476][0m val_accuracy: 0.9933
[32m[0814 17:44:58 @monitor.py:476][0m val_cross_entropy_loss: 0.021711
[32m[0814 17:44:58 @group.py:44][0m Callbacks took 18.480 sec in total. InferenceRunner: 18.4 seconds
[32m[0814 17:44:58 @base.py:273][0m Start Epoch 13 ...
[32m[0814 17:48:57 @base.py:283][0m Epoch 13 (global_step 6097) finished, time:3 minutes 59 seconds.
[32m[0814 17:48:57 @saver.py:82][0m Model saved to logs/train_log/mnist-FP/model-6097.
[32m[0814 17:49:16 @monitor.py:476][0m QueueInput/queue_size: 50
[32m[0814 17:49:16 @monitor.py:476][0m accuracy: 0.99715
[32m[0814 17:49:16 @monitor.py:476][0m cross_entropy_loss: 0.0090044
[32m[0814 17:49:16 @monitor.py:476][0m learning_rate: 0.01
[32m[0814 17:49:16 @monitor.py:476][0m param-summary/conv0/W-rms: 0.49096
[32m[0814 17:49:16 @monitor.py:476][0m param-summary/conv1/W-rms: 0.087731
[32m[0814 17:49:16 @monitor.py:476][0m param-summary/conv2/W-rms: 0.086701
[32m[0814 17:49:16 @monitor.py:476][0m param-summary/conv3/W-rms: 0.061401
[32m[0814 17:49:16 @monitor.py:476][0m param-summary/fc0/W-rms: 0.026333
[32m[0814 17:49:16 @monitor.py:476][0m param-summary/fc1/W-rms: 0.10076
[32m[0814 17:49:16 @monitor.py:476][0m param-summary/linear/W-rms: 0.11786
[32m[0814 17:49:16 @monitor.py:476][0m train_error: 0.0028544
[32m[0814 17:49:16 @monitor.py:476][0m val_accuracy: 0.9927
[32m[0814 17:49:16 @monitor.py:476][0m val_cross_entropy_loss: 0.023289
[32m[0814 17:49:16 @group.py:44][0m Callbacks took 18.651 sec in total. InferenceRunner: 18.6 seconds
[32m[0814 17:49:16 @base.py:273][0m Start Epoch 14 ...
[32m[0814 17:53:17 @base.py:283][0m Epoch 14 (global_step 6566) finished, time:4 minutes 1 second.
[32m[0814 17:53:17 @saver.py:82][0m Model saved to logs/train_log/mnist-FP/model-6566.
[32m[0814 17:53:36 @monitor.py:476][0m QueueInput/queue_size: 50
[32m[0814 17:53:36 @monitor.py:476][0m accuracy: 0.9975
[32m[0814 17:53:36 @monitor.py:476][0m cross_entropy_loss: 0.0063079
[32m[0814 17:53:36 @monitor.py:476][0m learning_rate: 0.01
[32m[0814 17:53:36 @monitor.py:476][0m param-summary/conv0/W-rms: 0.4918
[32m[0814 17:53:36 @monitor.py:476][0m param-summary/conv1/W-rms: 0.08792
[32m[0814 17:53:36 @monitor.py:476][0m param-summary/conv2/W-rms: 0.086822
[32m[0814 17:53:36 @monitor.py:476][0m param-summary/conv3/W-rms: 0.061514
[32m[0814 17:53:36 @monitor.py:476][0m param-summary/fc0/W-rms: 0.026364
[32m[0814 17:53:36 @monitor.py:476][0m param-summary/fc1/W-rms: 0.10079
[32m[0814 17:53:36 @monitor.py:476][0m param-summary/linear/W-rms: 0.1185
[32m[0814 17:53:36 @monitor.py:476][0m train_error: 0.0024991
[32m[0814 17:53:36 @monitor.py:476][0m val_accuracy: 0.9931
[32m[0814 17:53:36 @monitor.py:476][0m val_cross_entropy_loss: 0.024119
[32m[0814 17:53:36 @group.py:44][0m Callbacks took 18.470 sec in total. InferenceRunner: 18.5 seconds
[32m[0814 17:53:36 @base.py:273][0m Start Epoch 15 ...
[32m[0814 17:57:35 @base.py:283][0m Epoch 15 (global_step 7035) finished, time:3 minutes 58 seconds.
[32m[0814 17:57:35 @saver.py:82][0m Model saved to logs/train_log/mnist-FP/model-7035.
[32m[0814 17:57:53 @saver.py:166][0m Model at global_step=7035 with maximum val_accuracy=0.9936 saved.
[32m[0814 17:57:53 @saver.py:166][0m Model at global_step=7035 with minimum val_cross_entropy_loss=0.019627 saved.
[32m[0814 17:57:53 @monitor.py:476][0m QueueInput/queue_size: 50
[32m[0814 17:57:53 @monitor.py:476][0m accuracy: 0.99695
[32m[0814 17:57:53 @monitor.py:476][0m cross_entropy_loss: 0.0094069
[32m[0814 17:57:53 @monitor.py:476][0m learning_rate: 0.01
[32m[0814 17:57:53 @monitor.py:476][0m param-summary/conv0/W-rms: 0.49241
[32m[0814 17:57:53 @monitor.py:476][0m param-summary/conv1/W-rms: 0.088072
[32m[0814 17:57:53 @monitor.py:476][0m param-summary/conv2/W-rms: 0.086926
[32m[0814 17:57:53 @monitor.py:476][0m param-summary/conv3/W-rms: 0.06162
[32m[0814 17:57:53 @monitor.py:476][0m param-summary/fc0/W-rms: 0.026394
[32m[0814 17:57:53 @monitor.py:476][0m param-summary/fc1/W-rms: 0.10082
[32m[0814 17:57:53 @monitor.py:476][0m param-summary/linear/W-rms: 0.11899
[32m[0814 17:57:53 @monitor.py:476][0m train_error: 0.0030489
[32m[0814 17:57:53 @monitor.py:476][0m val_accuracy: 0.9936
[32m[0814 17:57:53 @monitor.py:476][0m val_cross_entropy_loss: 0.019627
[32m[0814 17:57:53 @group.py:44][0m Callbacks took 18.686 sec in total. InferenceRunner: 18.6 seconds
[32m[0814 17:57:53 @base.py:273][0m Start Epoch 16 ...
[32m[0814 18:01:52 @base.py:283][0m Epoch 16 (global_step 7504) finished, time:3 minutes 58 seconds.
[32m[0814 18:01:52 @saver.py:82][0m Model saved to logs/train_log/mnist-FP/model-7504.
[32m[0814 18:02:10 @monitor.py:476][0m QueueInput/queue_size: 50
[32m[0814 18:02:10 @monitor.py:476][0m accuracy: 0.99738
[32m[0814 18:02:10 @monitor.py:476][0m cross_entropy_loss: 0.0068965
[32m[0814 18:02:10 @monitor.py:476][0m learning_rate: 0.01
[32m[0814 18:02:10 @monitor.py:476][0m param-summary/conv0/W-rms: 0.49295
[32m[0814 18:02:10 @monitor.py:476][0m param-summary/conv1/W-rms: 0.08821
[32m[0814 18:02:10 @monitor.py:476][0m param-summary/conv2/W-rms: 0.087022
[32m[0814 18:02:10 @monitor.py:476][0m param-summary/conv3/W-rms: 0.061718
[32m[0814 18:02:10 @monitor.py:476][0m param-summary/fc0/W-rms: 0.026422
[32m[0814 18:02:10 @monitor.py:476][0m param-summary/fc1/W-rms: 0.10085
[32m[0814 18:02:10 @monitor.py:476][0m param-summary/linear/W-rms: 0.11944
[32m[0814 18:02:10 @monitor.py:476][0m train_error: 0.002622
[32m[0814 18:02:10 @monitor.py:476][0m val_accuracy: 0.9936
[32m[0814 18:02:10 @monitor.py:476][0m val_cross_entropy_loss: 0.022956
[32m[0814 18:02:10 @group.py:44][0m Callbacks took 18.633 sec in total. InferenceRunner: 18.6 seconds
[32m[0814 18:02:10 @base.py:273][0m Start Epoch 17 ...
[32m[0814 18:06:07 @base.py:283][0m Epoch 17 (global_step 7973) finished, time:3 minutes 57 seconds.
[32m[0814 18:06:07 @saver.py:82][0m Model saved to logs/train_log/mnist-FP/model-7973.
[32m[0814 18:06:26 @saver.py:166][0m Model at global_step=7973 with maximum val_accuracy=0.994 saved.
[32m[0814 18:06:26 @monitor.py:476][0m QueueInput/queue_size: 50
[32m[0814 18:06:26 @monitor.py:476][0m accuracy: 0.99818
[32m[0814 18:06:26 @monitor.py:476][0m cross_entropy_loss: 0.0044872
[32m[0814 18:06:26 @monitor.py:476][0m learning_rate: 0.01
[32m[0814 18:06:26 @monitor.py:476][0m param-summary/conv0/W-rms: 0.49373
[32m[0814 18:06:26 @monitor.py:476][0m param-summary/conv1/W-rms: 0.088378
[32m[0814 18:06:26 @monitor.py:476][0m param-summary/conv2/W-rms: 0.087128
[32m[0814 18:06:26 @monitor.py:476][0m param-summary/conv3/W-rms: 0.061819
[32m[0814 18:06:26 @monitor.py:476][0m param-summary/fc0/W-rms: 0.026448
[32m[0814 18:06:26 @monitor.py:476][0m param-summary/fc1/W-rms: 0.10088
[32m[0814 18:06:26 @monitor.py:476][0m param-summary/linear/W-rms: 0.11998
[32m[0814 18:06:26 @monitor.py:476][0m train_error: 0.0018221
[32m[0814 18:06:26 @monitor.py:476][0m val_accuracy: 0.994
[32m[0814 18:06:26 @monitor.py:476][0m val_cross_entropy_loss: 0.022851
[32m[0814 18:06:26 @group.py:44][0m Callbacks took 18.531 sec in total. InferenceRunner: 18.5 seconds
[32m[0814 18:06:26 @base.py:273][0m Start Epoch 18 ...
[32m[0814 18:10:22 @base.py:283][0m Epoch 18 (global_step 8442) finished, time:3 minutes 55 seconds.
[32m[0814 18:10:22 @saver.py:82][0m Model saved to logs/train_log/mnist-FP/model-8442.
[32m[0814 18:10:40 @saver.py:166][0m Model at global_step=8442 with maximum val_accuracy=0.9944 saved.
[32m[0814 18:10:40 @monitor.py:476][0m QueueInput/queue_size: 50
[32m[0814 18:10:40 @monitor.py:476][0m accuracy: 0.99822
[32m[0814 18:10:40 @monitor.py:476][0m cross_entropy_loss: 0.0063581
[32m[0814 18:10:40 @monitor.py:476][0m learning_rate: 0.01
[32m[0814 18:10:40 @monitor.py:476][0m param-summary/conv0/W-rms: 0.4942
[32m[0814 18:10:40 @monitor.py:476][0m param-summary/conv1/W-rms: 0.08849
[32m[0814 18:10:40 @monitor.py:476][0m param-summary/conv2/W-rms: 0.087205
[32m[0814 18:10:40 @monitor.py:476][0m param-summary/conv3/W-rms: 0.061897
[32m[0814 18:10:40 @monitor.py:476][0m param-summary/fc0/W-rms: 0.02647
[32m[0814 18:10:40 @monitor.py:476][0m param-summary/fc1/W-rms: 0.1009
[32m[0814 18:10:40 @monitor.py:476][0m param-summary/linear/W-rms: 0.12035
[32m[0814 18:10:40 @monitor.py:476][0m train_error: 0.001783
[32m[0814 18:10:40 @monitor.py:476][0m val_accuracy: 0.9944
[32m[0814 18:10:40 @monitor.py:476][0m val_cross_entropy_loss: 0.024271
[32m[0814 18:10:40 @group.py:44][0m Callbacks took 18.599 sec in total. InferenceRunner: 18.6 seconds
[32m[0814 18:10:40 @base.py:273][0m Start Epoch 19 ...
[32m[0814 18:14:39 @base.py:283][0m Epoch 19 (global_step 8911) finished, time:3 minutes 59 seconds.
[32m[0814 18:14:39 @saver.py:82][0m Model saved to logs/train_log/mnist-FP/model-8911.
[32m[0814 18:14:58 @monitor.py:476][0m QueueInput/queue_size: 50
[32m[0814 18:14:58 @monitor.py:476][0m accuracy: 0.99928
[32m[0814 18:14:58 @monitor.py:476][0m cross_entropy_loss: 0.0026392
[32m[0814 18:14:58 @monitor.py:476][0m learning_rate: 0.01
[32m[0814 18:14:58 @monitor.py:476][0m param-summary/conv0/W-rms: 0.49485
[32m[0814 18:14:58 @monitor.py:476][0m param-summary/conv1/W-rms: 0.08863
[32m[0814 18:14:58 @monitor.py:476][0m param-summary/conv2/W-rms: 0.087293
[32m[0814 18:14:58 @monitor.py:476][0m param-summary/conv3/W-rms: 0.061977
[32m[0814 18:14:58 @monitor.py:476][0m param-summary/fc0/W-rms: 0.026488
[32m[0814 18:14:58 @monitor.py:476][0m param-summary/fc1/W-rms: 0.10092
[32m[0814 18:14:58 @monitor.py:476][0m param-summary/linear/W-rms: 0.12081
[32m[0814 18:14:58 @monitor.py:476][0m train_error: 0.00071657
[32m[0814 18:14:58 @monitor.py:476][0m val_accuracy: 0.9943
[32m[0814 18:14:58 @monitor.py:476][0m val_cross_entropy_loss: 0.025282
[32m[0814 18:14:58 @group.py:44][0m Callbacks took 18.615 sec in total. InferenceRunner: 18.6 seconds
[32m[0814 18:14:58 @base.py:273][0m Start Epoch 20 ...
[32m[0814 18:18:53 @base.py:283][0m Epoch 20 (global_step 9380) finished, time:3 minutes 55 seconds.
[32m[0814 18:18:53 @saver.py:82][0m Model saved to logs/train_log/mnist-FP/model-9380.
[32m[0814 18:19:12 @monitor.py:476][0m QueueInput/queue_size: 50
[32m[0814 18:19:12 @monitor.py:476][0m accuracy: 0.999
[32m[0814 18:19:12 @monitor.py:476][0m cross_entropy_loss: 0.0030611
[32m[0814 18:19:12 @monitor.py:476][0m learning_rate: 0.01
[32m[0814 18:19:12 @monitor.py:476][0m param-summary/conv0/W-rms: 0.49531
[32m[0814 18:19:12 @monitor.py:476][0m param-summary/conv1/W-rms: 0.088738
[32m[0814 18:19:12 @monitor.py:476][0m param-summary/conv2/W-rms: 0.087364
[32m[0814 18:19:12 @monitor.py:476][0m param-summary/conv3/W-rms: 0.062048
[32m[0814 18:19:12 @monitor.py:476][0m param-summary/fc0/W-rms: 0.026507
[32m[0814 18:19:12 @monitor.py:476][0m param-summary/fc1/W-rms: 0.10094
[32m[0814 18:19:12 @monitor.py:476][0m param-summary/linear/W-rms: 0.12116
[32m[0814 18:19:12 @monitor.py:476][0m train_error: 0.00099645
[32m[0814 18:19:12 @monitor.py:476][0m val_accuracy: 0.9937
[32m[0814 18:19:12 @monitor.py:476][0m val_cross_entropy_loss: 0.023292
[32m[0814 18:19:12 @group.py:44][0m Callbacks took 18.476 sec in total. InferenceRunner: 18.5 seconds
[32m[0814 18:19:12 @base.py:273][0m Start Epoch 21 ...
[32m[0814 18:23:11 @base.py:283][0m Epoch 21 (global_step 9849) finished, time:3 minutes 59 seconds.
[32m[0814 18:23:11 @saver.py:82][0m Model saved to logs/train_log/mnist-FP/model-9849.
[32m[0814 18:23:29 @monitor.py:476][0m QueueInput/queue_size: 50
[32m[0814 18:23:29 @monitor.py:476][0m accuracy: 0.99907
[32m[0814 18:23:29 @monitor.py:476][0m cross_entropy_loss: 0.0032794
[32m[0814 18:23:29 @monitor.py:476][0m learning_rate: 0.01
[32m[0814 18:23:29 @monitor.py:476][0m param-summary/conv0/W-rms: 0.49586
[32m[0814 18:23:29 @monitor.py:476][0m param-summary/conv1/W-rms: 0.088856
[32m[0814 18:23:29 @monitor.py:476][0m param-summary/conv2/W-rms: 0.08744
[32m[0814 18:23:29 @monitor.py:476][0m param-summary/conv3/W-rms: 0.06212
[32m[0814 18:23:29 @monitor.py:476][0m param-summary/fc0/W-rms: 0.026525
[32m[0814 18:23:29 @monitor.py:476][0m param-summary/fc1/W-rms: 0.10096
[32m[0814 18:23:29 @monitor.py:476][0m param-summary/linear/W-rms: 0.12154
[32m[0814 18:23:29 @monitor.py:476][0m train_error: 0.00092671
[32m[0814 18:23:29 @monitor.py:476][0m val_accuracy: 0.9941
[32m[0814 18:23:29 @monitor.py:476][0m val_cross_entropy_loss: 0.023214
[32m[0814 18:23:29 @group.py:44][0m Callbacks took 17.890 sec in total. InferenceRunner: 17.9 seconds
[32m[0814 18:23:29 @base.py:273][0m Start Epoch 22 ...
[32m[0814 18:27:22 @base.py:283][0m Epoch 22 (global_step 10318) finished, time:3 minutes 53 seconds.
[32m[0814 18:27:22 @saver.py:82][0m Model saved to logs/train_log/mnist-FP/model-10318.
[32m[0814 18:27:41 @monitor.py:476][0m QueueInput/queue_size: 50
[32m[0814 18:27:41 @monitor.py:476][0m accuracy: 0.99943
[32m[0814 18:27:41 @monitor.py:476][0m cross_entropy_loss: 0.0030567
[32m[0814 18:27:41 @monitor.py:476][0m learning_rate: 0.01
[32m[0814 18:27:41 @monitor.py:476][0m param-summary/conv0/W-rms: 0.4963
[32m[0814 18:27:41 @monitor.py:476][0m param-summary/conv1/W-rms: 0.088961
[32m[0814 18:27:41 @monitor.py:476][0m param-summary/conv2/W-rms: 0.08751
[32m[0814 18:27:41 @monitor.py:476][0m param-summary/conv3/W-rms: 0.06219
[32m[0814 18:27:41 @monitor.py:476][0m param-summary/fc0/W-rms: 0.026542
[32m[0814 18:27:41 @monitor.py:476][0m param-summary/fc1/W-rms: 0.10098
[32m[0814 18:27:41 @monitor.py:476][0m param-summary/linear/W-rms: 0.12186
[32m[0814 18:27:41 @monitor.py:476][0m train_error: 0.00057304
[32m[0814 18:27:41 @monitor.py:476][0m val_accuracy: 0.9928
[32m[0814 18:27:41 @monitor.py:476][0m val_cross_entropy_loss: 0.028087
[32m[0814 18:27:41 @group.py:44][0m Callbacks took 18.681 sec in total. InferenceRunner: 18.6 seconds
[32m[0814 18:27:41 @base.py:273][0m Start Epoch 23 ...
[32m[0814 18:31:39 @base.py:283][0m Epoch 23 (global_step 10787) finished, time:3 minutes 58 seconds.
[32m[0814 18:31:39 @saver.py:82][0m Model saved to logs/train_log/mnist-FP/model-10787.
[32m[0814 18:31:58 @monitor.py:476][0m QueueInput/queue_size: 50
[32m[0814 18:31:58 @monitor.py:476][0m accuracy: 0.99956
[32m[0814 18:31:58 @monitor.py:476][0m cross_entropy_loss: 0.0013351
[32m[0814 18:31:58 @monitor.py:476][0m learning_rate: 0.01
[32m[0814 18:31:58 @monitor.py:476][0m param-summary/conv0/W-rms: 0.49673
[32m[0814 18:31:58 @monitor.py:476][0m param-summary/conv1/W-rms: 0.089061
[32m[0814 18:31:58 @monitor.py:476][0m param-summary/conv2/W-rms: 0.087578
[32m[0814 18:31:58 @monitor.py:476][0m param-summary/conv3/W-rms: 0.062259
[32m[0814 18:31:58 @monitor.py:476][0m param-summary/fc0/W-rms: 0.026561
[32m[0814 18:31:58 @monitor.py:476][0m param-summary/fc1/W-rms: 0.101
[32m[0814 18:31:58 @monitor.py:476][0m param-summary/linear/W-rms: 0.1222
[32m[0814 18:31:58 @monitor.py:476][0m train_error: 0.00044431
[32m[0814 18:31:58 @monitor.py:476][0m val_accuracy: 0.9942
[32m[0814 18:31:58 @monitor.py:476][0m val_cross_entropy_loss: 0.021002
[32m[0814 18:31:58 @group.py:44][0m Callbacks took 18.561 sec in total. InferenceRunner: 18.5 seconds
[32m[0814 18:31:58 @base.py:273][0m Start Epoch 24 ...
[32m[0814 18:35:55 @base.py:283][0m Epoch 24 (global_step 11256) finished, time:3 minutes 56 seconds.
[32m[0814 18:35:55 @saver.py:82][0m Model saved to logs/train_log/mnist-FP/model-11256.
[32m[0814 18:36:13 @monitor.py:476][0m QueueInput/queue_size: 50
[32m[0814 18:36:13 @monitor.py:476][0m accuracy: 0.99903
[32m[0814 18:36:13 @monitor.py:476][0m cross_entropy_loss: 0.0028768
[32m[0814 18:36:13 @monitor.py:476][0m learning_rate: 0.01
[32m[0814 18:36:13 @monitor.py:476][0m param-summary/conv0/W-rms: 0.49709
[32m[0814 18:36:13 @monitor.py:476][0m param-summary/conv1/W-rms: 0.089142
[32m[0814 18:36:13 @monitor.py:476][0m param-summary/conv2/W-rms: 0.087632
[32m[0814 18:36:13 @monitor.py:476][0m param-summary/conv3/W-rms: 0.062313
[32m[0814 18:36:13 @monitor.py:476][0m param-summary/fc0/W-rms: 0.026575
[32m[0814 18:36:13 @monitor.py:476][0m param-summary/fc1/W-rms: 0.10101
[32m[0814 18:36:13 @monitor.py:476][0m param-summary/linear/W-rms: 0.12246
[32m[0814 18:36:13 @monitor.py:476][0m train_error: 0.00096674
[32m[0814 18:36:13 @monitor.py:476][0m val_accuracy: 0.9937
[32m[0814 18:36:13 @monitor.py:476][0m val_cross_entropy_loss: 0.027778
[32m[0814 18:36:13 @group.py:44][0m Callbacks took 18.615 sec in total. InferenceRunner: 18.6 seconds
[32m[0814 18:36:13 @base.py:273][0m Start Epoch 25 ...
[32m[0814 18:40:09 @base.py:283][0m Epoch 25 (global_step 11725) finished, time:3 minutes 56 seconds.
[32m[0814 18:40:09 @saver.py:82][0m Model saved to logs/train_log/mnist-FP/model-11725.
[32m[0814 18:40:28 @saver.py:166][0m Model at global_step=11725 with maximum val_accuracy=0.9946 saved.
[32m[0814 18:40:28 @monitor.py:476][0m QueueInput/queue_size: 50
[32m[0814 18:40:28 @monitor.py:476][0m accuracy: 0.99983
[32m[0814 18:40:28 @monitor.py:476][0m cross_entropy_loss: 0.0014294
[32m[0814 18:40:28 @monitor.py:476][0m learning_rate: 0.01
[32m[0814 18:40:28 @monitor.py:476][0m param-summary/conv0/W-rms: 0.49758
[32m[0814 18:40:28 @monitor.py:476][0m param-summary/conv1/W-rms: 0.089249
[32m[0814 18:40:28 @monitor.py:476][0m param-summary/conv2/W-rms: 0.087703
[32m[0814 18:40:28 @monitor.py:476][0m param-summary/conv3/W-rms: 0.062383
[32m[0814 18:40:28 @monitor.py:476][0m param-summary/fc0/W-rms: 0.026592
[32m[0814 18:40:28 @monitor.py:476][0m param-summary/fc1/W-rms: 0.10103
[32m[0814 18:40:28 @monitor.py:476][0m param-summary/linear/W-rms: 0.12279
[32m[0814 18:40:28 @monitor.py:476][0m train_error: 0.00017452
[32m[0814 18:40:28 @monitor.py:476][0m val_accuracy: 0.9946
[32m[0814 18:40:28 @monitor.py:476][0m val_cross_entropy_loss: 0.024796
[32m[0814 18:40:28 @group.py:44][0m Callbacks took 18.212 sec in total. InferenceRunner: 18.2 seconds
[32m[0814 18:40:28 @base.py:273][0m Start Epoch 26 ...
[32m[0814 18:44:22 @base.py:283][0m Epoch 26 (global_step 12194) finished, time:3 minutes 54 seconds.
[32m[0814 18:44:22 @saver.py:82][0m Model saved to logs/train_log/mnist-FP/model-12194.
[32m[0814 18:44:40 @monitor.py:476][0m QueueInput/queue_size: 50
[32m[0814 18:44:40 @monitor.py:476][0m accuracy: 0.99847
[32m[0814 18:44:40 @monitor.py:476][0m cross_entropy_loss: 0.0027347
[32m[0814 18:44:40 @monitor.py:476][0m learning_rate: 0.01
[32m[0814 18:44:40 @monitor.py:476][0m param-summary/conv0/W-rms: 0.49794
[32m[0814 18:44:40 @monitor.py:476][0m param-summary/conv1/W-rms: 0.089337
[32m[0814 18:44:40 @monitor.py:476][0m param-summary/conv2/W-rms: 0.087764
[32m[0814 18:44:40 @monitor.py:476][0m param-summary/conv3/W-rms: 0.062447
[32m[0814 18:44:40 @monitor.py:476][0m param-summary/fc0/W-rms: 0.026609
[32m[0814 18:44:40 @monitor.py:476][0m param-summary/fc1/W-rms: 0.10104
[32m[0814 18:44:40 @monitor.py:476][0m param-summary/linear/W-rms: 0.12308
[32m[0814 18:44:40 @monitor.py:476][0m train_error: 0.0015254
[32m[0814 18:44:40 @monitor.py:476][0m val_accuracy: 0.9945
[32m[0814 18:44:40 @monitor.py:476][0m val_cross_entropy_loss: 0.026831
[32m[0814 18:44:40 @group.py:44][0m Callbacks took 18.345 sec in total. InferenceRunner: 18.3 seconds
[32m[0814 18:44:40 @base.py:273][0m Start Epoch 27 ...
[32m[0814 18:48:38 @base.py:283][0m Epoch 27 (global_step 12663) finished, time:3 minutes 57 seconds.
[32m[0814 18:48:38 @saver.py:82][0m Model saved to logs/train_log/mnist-FP/model-12663.
[32m[0814 18:48:56 @monitor.py:476][0m QueueInput/queue_size: 50
[32m[0814 18:48:56 @monitor.py:476][0m accuracy: 0.99926
[32m[0814 18:48:56 @monitor.py:476][0m cross_entropy_loss: 0.0026845
[32m[0814 18:48:56 @monitor.py:476][0m learning_rate: 0.01
[32m[0814 18:48:56 @monitor.py:476][0m param-summary/conv0/W-rms: 0.49824
[32m[0814 18:48:56 @monitor.py:476][0m param-summary/conv1/W-rms: 0.089418
[32m[0814 18:48:56 @monitor.py:476][0m param-summary/conv2/W-rms: 0.087827
[32m[0814 18:48:56 @monitor.py:476][0m param-summary/conv3/W-rms: 0.062517
[32m[0814 18:48:56 @monitor.py:476][0m param-summary/fc0/W-rms: 0.026628
[32m[0814 18:48:56 @monitor.py:476][0m param-summary/fc1/W-rms: 0.10105
[32m[0814 18:48:56 @monitor.py:476][0m param-summary/linear/W-rms: 0.12333
[32m[0814 18:48:56 @monitor.py:476][0m train_error: 0.00074161
[32m[0814 18:48:56 @monitor.py:476][0m val_accuracy: 0.9935
[32m[0814 18:48:56 @monitor.py:476][0m val_cross_entropy_loss: 0.02696
[32m[0814 18:48:56 @group.py:44][0m Callbacks took 18.415 sec in total. InferenceRunner: 18.4 seconds
[32m[0814 18:48:56 @base.py:273][0m Start Epoch 28 ...
[32m[0814 18:52:53 @base.py:283][0m Epoch 28 (global_step 13132) finished, time:3 minutes 56 seconds.
[32m[0814 18:52:53 @saver.py:82][0m Model saved to logs/train_log/mnist-FP/model-13132.
[32m[0814 18:53:11 @monitor.py:476][0m QueueInput/queue_size: 50
[32m[0814 18:53:11 @monitor.py:476][0m accuracy: 0.9988
[32m[0814 18:53:11 @monitor.py:476][0m cross_entropy_loss: 0.0028199
[32m[0814 18:53:11 @monitor.py:476][0m learning_rate: 0.01
[32m[0814 18:53:11 @monitor.py:476][0m param-summary/conv0/W-rms: 0.49854
[32m[0814 18:53:11 @monitor.py:476][0m param-summary/conv1/W-rms: 0.089491
[32m[0814 18:53:11 @monitor.py:476][0m param-summary/conv2/W-rms: 0.08788
[32m[0814 18:53:11 @monitor.py:476][0m param-summary/conv3/W-rms: 0.062574
[32m[0814 18:53:11 @monitor.py:476][0m param-summary/fc0/W-rms: 0.026644
[32m[0814 18:53:11 @monitor.py:476][0m param-summary/fc1/W-rms: 0.10107
[32m[0814 18:53:11 @monitor.py:476][0m param-summary/linear/W-rms: 0.12357
[32m[0814 18:53:11 @monitor.py:476][0m train_error: 0.0012027
[32m[0814 18:53:11 @monitor.py:476][0m val_accuracy: 0.9943
[32m[0814 18:53:11 @monitor.py:476][0m val_cross_entropy_loss: 0.025191
[32m[0814 18:53:11 @group.py:44][0m Callbacks took 18.693 sec in total. InferenceRunner: 18.7 seconds
[32m[0814 18:53:11 @base.py:273][0m Start Epoch 29 ...
[32m[0814 18:57:09 @base.py:283][0m Epoch 29 (global_step 13601) finished, time:3 minutes 57 seconds.
[32m[0814 18:57:09 @saver.py:82][0m Model saved to logs/train_log/mnist-FP/model-13601.
[32m[0814 18:57:28 @monitor.py:476][0m QueueInput/queue_size: 50
[32m[0814 18:57:28 @monitor.py:476][0m accuracy: 0.99946
[32m[0814 18:57:28 @monitor.py:476][0m cross_entropy_loss: 0.0018955
[32m[0814 18:57:28 @monitor.py:476][0m learning_rate: 0.01
[32m[0814 18:57:28 @monitor.py:476][0m param-summary/conv0/W-rms: 0.49875
[32m[0814 18:57:28 @monitor.py:476][0m param-summary/conv1/W-rms: 0.089555
[32m[0814 18:57:28 @monitor.py:476][0m param-summary/conv2/W-rms: 0.08793
[32m[0814 18:57:28 @monitor.py:476][0m param-summary/conv3/W-rms: 0.062629
[32m[0814 18:57:28 @monitor.py:476][0m param-summary/fc0/W-rms: 0.02666
[32m[0814 18:57:28 @monitor.py:476][0m param-summary/fc1/W-rms: 0.10108
[32m[0814 18:57:28 @monitor.py:476][0m param-summary/linear/W-rms: 0.12379
[32m[0814 18:57:28 @monitor.py:476][0m train_error: 0.00053788
[32m[0814 18:57:28 @monitor.py:476][0m val_accuracy: 0.9945
[32m[0814 18:57:28 @monitor.py:476][0m val_cross_entropy_loss: 0.022538
[32m[0814 18:57:28 @group.py:44][0m Callbacks took 18.312 sec in total. InferenceRunner: 18.3 seconds
[32m[0814 18:57:28 @base.py:273][0m Start Epoch 30 ...
[32m[0814 19:01:22 @base.py:283][0m Epoch 30 (global_step 14070) finished, time:3 minutes 54 seconds.
[32m[0814 19:01:22 @saver.py:82][0m Model saved to logs/train_log/mnist-FP/model-14070.
[32m[0814 19:01:41 @saver.py:166][0m Model at global_step=14070 with maximum val_accuracy=0.9948 saved.
[32m[0814 19:01:41 @monitor.py:476][0m QueueInput/queue_size: 50
[32m[0814 19:01:41 @monitor.py:476][0m accuracy: 0.9995
[32m[0814 19:01:41 @monitor.py:476][0m cross_entropy_loss: 0.0013013
[32m[0814 19:01:41 @monitor.py:476][0m learning_rate: 0.01
[32m[0814 19:01:41 @monitor.py:476][0m param-summary/conv0/W-rms: 0.49912
[32m[0814 19:01:41 @monitor.py:476][0m param-summary/conv1/W-rms: 0.089634
[32m[0814 19:01:41 @monitor.py:476][0m param-summary/conv2/W-rms: 0.087978
[32m[0814 19:01:41 @monitor.py:476][0m param-summary/conv3/W-rms: 0.062671
[32m[0814 19:01:41 @monitor.py:476][0m param-summary/fc0/W-rms: 0.026669
[32m[0814 19:01:41 @monitor.py:476][0m param-summary/fc1/W-rms: 0.10109
[32m[0814 19:01:41 @monitor.py:476][0m param-summary/linear/W-rms: 0.12404
[32m[0814 19:01:41 @monitor.py:476][0m train_error: 0.00050465
[32m[0814 19:01:41 @monitor.py:476][0m val_accuracy: 0.9948
[32m[0814 19:01:41 @monitor.py:476][0m val_cross_entropy_loss: 0.027399
[32m[0814 19:01:41 @group.py:44][0m Callbacks took 18.434 sec in total. InferenceRunner: 18.4 seconds
[32m[0814 19:01:41 @base.py:273][0m Start Epoch 31 ...
[32m[0814 19:05:36 @base.py:283][0m Epoch 31 (global_step 14539) finished, time:3 minutes 54 seconds.
[32m[0814 19:05:36 @saver.py:82][0m Model saved to logs/train_log/mnist-FP/model-14539.
[32m[0814 19:05:54 @monitor.py:476][0m QueueInput/queue_size: 50
[32m[0814 19:05:54 @monitor.py:476][0m accuracy: 0.99902
[32m[0814 19:05:54 @monitor.py:476][0m cross_entropy_loss: 0.0027986
[32m[0814 19:05:54 @monitor.py:476][0m learning_rate: 0.01
[32m[0814 19:05:54 @monitor.py:476][0m param-summary/conv0/W-rms: 0.49938
[32m[0814 19:05:54 @monitor.py:476][0m param-summary/conv1/W-rms: 0.089692
[32m[0814 19:05:54 @monitor.py:476][0m param-summary/conv2/W-rms: 0.088017
[32m[0814 19:05:54 @monitor.py:476][0m param-summary/conv3/W-rms: 0.062712
[32m[0814 19:05:54 @monitor.py:476][0m param-summary/fc0/W-rms: 0.02668
[32m[0814 19:05:54 @monitor.py:476][0m param-summary/fc1/W-rms: 0.1011
[32m[0814 19:05:54 @monitor.py:476][0m param-summary/linear/W-rms: 0.12422
[32m[0814 19:05:54 @monitor.py:476][0m train_error: 0.00097636
[32m[0814 19:05:54 @monitor.py:476][0m val_accuracy: 0.9929
[32m[0814 19:05:54 @monitor.py:476][0m val_cross_entropy_loss: 0.033147
[32m[0814 19:05:54 @group.py:44][0m Callbacks took 18.157 sec in total. InferenceRunner: 18.1 seconds
[32m[0814 19:05:54 @base.py:273][0m Start Epoch 32 ...
[32m[0814 19:09:54 @base.py:283][0m Epoch 32 (global_step 15008) finished, time:4 minutes.
[32m[0814 19:09:54 @saver.py:82][0m Model saved to logs/train_log/mnist-FP/model-15008.
[32m[0814 19:10:13 @monitor.py:476][0m QueueInput/queue_size: 50
[32m[0814 19:10:13 @monitor.py:476][0m accuracy: 0.99938
[32m[0814 19:10:13 @monitor.py:476][0m cross_entropy_loss: 0.0033293
[32m[0814 19:10:13 @monitor.py:476][0m learning_rate: 0.01
[32m[0814 19:10:13 @monitor.py:476][0m param-summary/conv0/W-rms: 0.49974
[32m[0814 19:10:13 @monitor.py:476][0m param-summary/conv1/W-rms: 0.089769
[32m[0814 19:10:13 @monitor.py:476][0m param-summary/conv2/W-rms: 0.088066
[32m[0814 19:10:13 @monitor.py:476][0m param-summary/conv3/W-rms: 0.062759
[32m[0814 19:10:13 @monitor.py:476][0m param-summary/fc0/W-rms: 0.02669
[32m[0814 19:10:13 @monitor.py:476][0m param-summary/fc1/W-rms: 0.10111
[32m[0814 19:10:13 @monitor.py:476][0m param-summary/linear/W-rms: 0.12446
[32m[0814 19:10:13 @monitor.py:476][0m train_error: 0.0006228
[32m[0814 19:10:13 @monitor.py:476][0m val_accuracy: 0.993
[32m[0814 19:10:13 @monitor.py:476][0m val_cross_entropy_loss: 0.032269
[32m[0814 19:10:13 @group.py:44][0m Callbacks took 18.415 sec in total. InferenceRunner: 18.4 seconds
[32m[0814 19:10:13 @base.py:273][0m Start Epoch 33 ...
[32m[0814 19:14:05 @base.py:283][0m Epoch 33 (global_step 15477) finished, time:3 minutes 52 seconds.
[32m[0814 19:14:05 @saver.py:82][0m Model saved to logs/train_log/mnist-FP/model-15477.
[32m[0814 19:14:23 @monitor.py:476][0m QueueInput/queue_size: 50
[32m[0814 19:14:23 @monitor.py:476][0m accuracy: 0.9999
[32m[0814 19:14:23 @monitor.py:476][0m cross_entropy_loss: 0.00081305
[32m[0814 19:14:23 @monitor.py:476][0m learning_rate: 0.01
[32m[0814 19:14:23 @monitor.py:476][0m param-summary/conv0/W-rms: 0.5
[32m[0814 19:14:23 @monitor.py:476][0m param-summary/conv1/W-rms: 0.089826
[32m[0814 19:14:23 @monitor.py:476][0m param-summary/conv2/W-rms: 0.088106
[32m[0814 19:14:23 @monitor.py:476][0m param-summary/conv3/W-rms: 0.062798
[32m[0814 19:14:23 @monitor.py:476][0m param-summary/fc0/W-rms: 0.026699
[32m[0814 19:14:23 @monitor.py:476][0m param-summary/fc1/W-rms: 0.10111
[32m[0814 19:14:23 @monitor.py:476][0m param-summary/linear/W-rms: 0.12463
[32m[0814 19:14:23 @monitor.py:476][0m train_error: 9.8622e-05
[32m[0814 19:14:23 @monitor.py:476][0m val_accuracy: 0.9946
[32m[0814 19:14:23 @monitor.py:476][0m val_cross_entropy_loss: 0.024355
[32m[0814 19:14:23 @group.py:44][0m Callbacks took 18.223 sec in total. InferenceRunner: 18.2 seconds
[32m[0814 19:14:23 @base.py:273][0m Start Epoch 34 ...
[32m[0814 19:18:18 @base.py:283][0m Epoch 34 (global_step 15946) finished, time:3 minutes 55 seconds.
[32m[0814 19:18:18 @saver.py:82][0m Model saved to logs/train_log/mnist-FP/model-15946.
[32m[0814 19:18:37 @monitor.py:476][0m QueueInput/queue_size: 50
[32m[0814 19:18:37 @monitor.py:476][0m accuracy: 0.99958
[32m[0814 19:18:37 @monitor.py:476][0m cross_entropy_loss: 0.0009619
[32m[0814 19:18:37 @monitor.py:476][0m learning_rate: 0.01
[32m[0814 19:18:37 @monitor.py:476][0m param-summary/conv0/W-rms: 0.50021
[32m[0814 19:18:37 @monitor.py:476][0m param-summary/conv1/W-rms: 0.089881
[32m[0814 19:18:37 @monitor.py:476][0m param-summary/conv2/W-rms: 0.088149
[32m[0814 19:18:37 @monitor.py:476][0m param-summary/conv3/W-rms: 0.062847
[32m[0814 19:18:37 @monitor.py:476][0m param-summary/fc0/W-rms: 0.026713
[32m[0814 19:18:37 @monitor.py:476][0m param-summary/fc1/W-rms: 0.10112
[32m[0814 19:18:37 @monitor.py:476][0m param-summary/linear/W-rms: 0.12479
[32m[0814 19:18:37 @monitor.py:476][0m train_error: 0.0004222
[32m[0814 19:18:37 @monitor.py:476][0m val_accuracy: 0.9934
[32m[0814 19:18:37 @monitor.py:476][0m val_cross_entropy_loss: 0.032276
[32m[0814 19:18:37 @group.py:44][0m Callbacks took 18.386 sec in total. InferenceRunner: 18.4 seconds
[32m[0814 19:18:37 @base.py:273][0m Start Epoch 35 ...
[32m[0814 19:22:33 @base.py:283][0m Epoch 35 (global_step 16415) finished, time:3 minutes 56 seconds.
[32m[0814 19:22:33 @saver.py:82][0m Model saved to logs/train_log/mnist-FP/model-16415.
[32m[0814 19:22:51 @monitor.py:476][0m QueueInput/queue_size: 50
[32m[0814 19:22:51 @monitor.py:476][0m accuracy: 0.99913
[32m[0814 19:22:51 @monitor.py:476][0m cross_entropy_loss: 0.0029284
[32m[0814 19:22:51 @monitor.py:476][0m learning_rate: 0.01
[32m[0814 19:22:51 @monitor.py:476][0m param-summary/conv0/W-rms: 0.50043
[32m[0814 19:22:51 @monitor.py:476][0m param-summary/conv1/W-rms: 0.08995
[32m[0814 19:22:51 @monitor.py:476][0m param-summary/conv2/W-rms: 0.088204
[32m[0814 19:22:51 @monitor.py:476][0m param-summary/conv3/W-rms: 0.06291
[32m[0814 19:22:51 @monitor.py:476][0m param-summary/fc0/W-rms: 0.02673
[32m[0814 19:22:51 @monitor.py:476][0m param-summary/fc1/W-rms: 0.10113
[32m[0814 19:22:51 @monitor.py:476][0m param-summary/linear/W-rms: 0.12497
[32m[0814 19:22:51 @monitor.py:476][0m train_error: 0.0008704
[32m[0814 19:22:51 @monitor.py:476][0m val_accuracy: 0.9941
[32m[0814 19:22:51 @monitor.py:476][0m val_cross_entropy_loss: 0.030299
[32m[0814 19:22:51 @group.py:44][0m Callbacks took 18.453 sec in total. InferenceRunner: 18.4 seconds
[32m[0814 19:22:51 @base.py:273][0m Start Epoch 36 ...
[32m[0814 19:26:49 @base.py:283][0m Epoch 36 (global_step 16884) finished, time:3 minutes 57 seconds.
[32m[0814 19:26:49 @saver.py:82][0m Model saved to logs/train_log/mnist-FP/model-16884.
[32m[0814 19:27:07 @monitor.py:476][0m QueueInput/queue_size: 50
[32m[0814 19:27:07 @monitor.py:476][0m accuracy: 0.99983
[32m[0814 19:27:07 @monitor.py:476][0m cross_entropy_loss: 0.0014076
[32m[0814 19:27:07 @monitor.py:476][0m learning_rate: 0.01
[32m[0814 19:27:07 @monitor.py:476][0m param-summary/conv0/W-rms: 0.5007
[32m[0814 19:27:07 @monitor.py:476][0m param-summary/conv1/W-rms: 0.090011
[32m[0814 19:27:07 @monitor.py:476][0m param-summary/conv2/W-rms: 0.088245
[32m[0814 19:27:07 @monitor.py:476][0m param-summary/conv3/W-rms: 0.062952
[32m[0814 19:27:07 @monitor.py:476][0m param-summary/fc0/W-rms: 0.02674
[32m[0814 19:27:07 @monitor.py:476][0m param-summary/fc1/W-rms: 0.10114
[32m[0814 19:27:07 @monitor.py:476][0m param-summary/linear/W-rms: 0.12517
[32m[0814 19:27:07 @monitor.py:476][0m train_error: 0.00016793
[32m[0814 19:27:07 @monitor.py:476][0m val_accuracy: 0.9945
[32m[0814 19:27:07 @monitor.py:476][0m val_cross_entropy_loss: 0.028603
[32m[0814 19:27:07 @group.py:44][0m Callbacks took 18.467 sec in total. InferenceRunner: 18.4 seconds
[32m[0814 19:27:07 @base.py:273][0m Start Epoch 37 ...
[32m[0814 19:31:07 @base.py:283][0m Epoch 37 (global_step 17353) finished, time:3 minutes 59 seconds.
[32m[0814 19:31:07 @saver.py:82][0m Model saved to logs/train_log/mnist-FP/model-17353.
[32m[0814 19:31:25 @monitor.py:476][0m QueueInput/queue_size: 50
[32m[0814 19:31:25 @monitor.py:476][0m accuracy: 0.99982
[32m[0814 19:31:25 @monitor.py:476][0m cross_entropy_loss: 0.00069231
[32m[0814 19:31:25 @monitor.py:476][0m learning_rate: 0.01
[32m[0814 19:31:25 @monitor.py:476][0m param-summary/conv0/W-rms: 0.50101
[32m[0814 19:31:25 @monitor.py:476][0m param-summary/conv1/W-rms: 0.090075
[32m[0814 19:31:25 @monitor.py:476][0m param-summary/conv2/W-rms: 0.088286
[32m[0814 19:31:25 @monitor.py:476][0m param-summary/conv3/W-rms: 0.06299
[32m[0814 19:31:25 @monitor.py:476][0m param-summary/fc0/W-rms: 0.026748
[32m[0814 19:31:25 @monitor.py:476][0m param-summary/fc1/W-rms: 0.10115
[32m[0814 19:31:25 @monitor.py:476][0m param-summary/linear/W-rms: 0.12536
[32m[0814 19:31:25 @monitor.py:476][0m train_error: 0.0001821
[32m[0814 19:31:25 @monitor.py:476][0m val_accuracy: 0.9945
[32m[0814 19:31:25 @monitor.py:476][0m val_cross_entropy_loss: 0.02527
[32m[0814 19:31:25 @group.py:44][0m Callbacks took 18.500 sec in total. InferenceRunner: 18.5 seconds
[32m[0814 19:31:25 @base.py:273][0m Start Epoch 38 ...
[32m[0814 19:35:25 @base.py:283][0m Epoch 38 (global_step 17822) finished, time:3 minutes 59 seconds.
[32m[0814 19:35:25 @saver.py:82][0m Model saved to logs/train_log/mnist-FP/model-17822.
[32m[0814 19:35:43 @monitor.py:476][0m QueueInput/queue_size: 50
[32m[0814 19:35:43 @monitor.py:476][0m accuracy: 1
[32m[0814 19:35:43 @monitor.py:476][0m cross_entropy_loss: 0.00023839
[32m[0814 19:35:43 @monitor.py:476][0m learning_rate: 0.01
[32m[0814 19:35:43 @monitor.py:476][0m param-summary/conv0/W-rms: 0.50125
[32m[0814 19:35:43 @monitor.py:476][0m param-summary/conv1/W-rms: 0.090122
[32m[0814 19:35:43 @monitor.py:476][0m param-summary/conv2/W-rms: 0.088315
[32m[0814 19:35:43 @monitor.py:476][0m param-summary/conv3/W-rms: 0.063016
[32m[0814 19:35:43 @monitor.py:476][0m param-summary/fc0/W-rms: 0.026754
[32m[0814 19:35:43 @monitor.py:476][0m param-summary/fc1/W-rms: 0.10115
[32m[0814 19:35:43 @monitor.py:476][0m param-summary/linear/W-rms: 0.12552
[32m[0814 19:35:43 @monitor.py:476][0m train_error: 1.7661e-06
[32m[0814 19:35:43 @monitor.py:476][0m val_accuracy: 0.9946
[32m[0814 19:35:43 @monitor.py:476][0m val_cross_entropy_loss: 0.028253
[32m[0814 19:35:43 @group.py:44][0m Callbacks took 18.353 sec in total. InferenceRunner: 18.3 seconds
[32m[0814 19:35:43 @base.py:273][0m Start Epoch 39 ...
[32m[0814 19:39:39 @base.py:283][0m Epoch 39 (global_step 18291) finished, time:3 minutes 56 seconds.
[32m[0814 19:39:39 @saver.py:82][0m Model saved to logs/train_log/mnist-FP/model-18291.
[32m[0814 19:39:58 @saver.py:166][0m Model at global_step=18291 with maximum val_accuracy=0.995 saved.
[32m[0814 19:39:58 @monitor.py:476][0m QueueInput/queue_size: 50
[32m[0814 19:39:58 @monitor.py:476][0m accuracy: 0.99957
[32m[0814 19:39:58 @monitor.py:476][0m cross_entropy_loss: 0.0013829
[32m[0814 19:39:58 @monitor.py:476][0m learning_rate: 0.01
[32m[0814 19:39:58 @monitor.py:476][0m param-summary/conv0/W-rms: 0.50137
[32m[0814 19:39:58 @monitor.py:476][0m param-summary/conv1/W-rms: 0.090158
[32m[0814 19:39:58 @monitor.py:476][0m param-summary/conv2/W-rms: 0.088344
[32m[0814 19:39:58 @monitor.py:476][0m param-summary/conv3/W-rms: 0.063049
[32m[0814 19:39:58 @monitor.py:476][0m param-summary/fc0/W-rms: 0.026762
[32m[0814 19:39:58 @monitor.py:476][0m param-summary/fc1/W-rms: 0.10116
[32m[0814 19:39:58 @monitor.py:476][0m param-summary/linear/W-rms: 0.12562
[32m[0814 19:39:58 @monitor.py:476][0m train_error: 0.00042577
[32m[0814 19:39:58 @monitor.py:476][0m val_accuracy: 0.995
[32m[0814 19:39:58 @monitor.py:476][0m val_cross_entropy_loss: 0.024058
[32m[0814 19:39:58 @group.py:44][0m Callbacks took 18.561 sec in total. InferenceRunner: 18.5 seconds
[32m[0814 19:39:58 @base.py:273][0m Start Epoch 40 ...
[32m[0814 19:43:56 @base.py:283][0m Epoch 40 (global_step 18760) finished, time:3 minutes 58 seconds.
[32m[0814 19:43:56 @saver.py:82][0m Model saved to logs/train_log/mnist-FP/model-18760.
[32m[0814 19:44:13 @monitor.py:476][0m QueueInput/queue_size: 50
[32m[0814 19:44:13 @monitor.py:476][0m accuracy: 0.99962
[32m[0814 19:44:13 @monitor.py:476][0m cross_entropy_loss: 0.0023239
[32m[0814 19:44:13 @monitor.py:476][0m learning_rate: 0.01
[32m[0814 19:44:13 @monitor.py:476][0m param-summary/conv0/W-rms: 0.5015
[32m[0814 19:44:13 @monitor.py:476][0m param-summary/conv1/W-rms: 0.090214
[32m[0814 19:44:13 @monitor.py:476][0m param-summary/conv2/W-rms: 0.088392
[32m[0814 19:44:13 @monitor.py:476][0m param-summary/conv3/W-rms: 0.063106
[32m[0814 19:44:13 @monitor.py:476][0m param-summary/fc0/W-rms: 0.026778
[32m[0814 19:44:13 @monitor.py:476][0m param-summary/fc1/W-rms: 0.10116
[32m[0814 19:44:13 @monitor.py:476][0m param-summary/linear/W-rms: 0.12576
[32m[0814 19:44:13 @monitor.py:476][0m train_error: 0.00038301
[32m[0814 19:44:13 @monitor.py:476][0m val_accuracy: 0.9942
[32m[0814 19:44:13 @monitor.py:476][0m val_cross_entropy_loss: 0.025095
[32m[0814 19:44:13 @group.py:44][0m Callbacks took 17.036 sec in total. InferenceRunner: 17 seconds
[32m[0814 19:44:13 @base.py:273][0m Start Epoch 41 ...
[32m[0814 19:48:09 @base.py:283][0m Epoch 41 (global_step 19229) finished, time:3 minutes 55 seconds.
[32m[0814 19:48:09 @saver.py:82][0m Model saved to logs/train_log/mnist-FP/model-19229.
[32m[0814 19:48:27 @monitor.py:476][0m QueueInput/queue_size: 50
[32m[0814 19:48:27 @monitor.py:476][0m accuracy: 0.99995
[32m[0814 19:48:27 @monitor.py:476][0m cross_entropy_loss: 0.00057014
[32m[0814 19:48:27 @monitor.py:476][0m learning_rate: 0.01
[32m[0814 19:48:27 @monitor.py:476][0m param-summary/conv0/W-rms: 0.50182
[32m[0814 19:48:27 @monitor.py:476][0m param-summary/conv1/W-rms: 0.090274
[32m[0814 19:48:27 @monitor.py:476][0m param-summary/conv2/W-rms: 0.088427
[32m[0814 19:48:27 @monitor.py:476][0m param-summary/conv3/W-rms: 0.063136
[32m[0814 19:48:27 @monitor.py:476][0m param-summary/fc0/W-rms: 0.026783
[32m[0814 19:48:27 @monitor.py:476][0m param-summary/fc1/W-rms: 0.10117
[32m[0814 19:48:27 @monitor.py:476][0m param-summary/linear/W-rms: 0.12596
[32m[0814 19:48:27 @monitor.py:476][0m train_error: 5.2015e-05
[32m[0814 19:48:27 @monitor.py:476][0m val_accuracy: 0.9934
[32m[0814 19:48:27 @monitor.py:476][0m val_cross_entropy_loss: 0.030976
[32m[0814 19:48:27 @group.py:44][0m Callbacks took 18.439 sec in total. InferenceRunner: 18.4 seconds
[32m[0814 19:48:27 @base.py:273][0m Start Epoch 42 ...
[32m[0814 19:52:21 @base.py:283][0m Epoch 42 (global_step 19698) finished, time:3 minutes 53 seconds.
[32m[0814 19:52:21 @saver.py:82][0m Model saved to logs/train_log/mnist-FP/model-19698.
[32m[0814 19:52:39 @monitor.py:476][0m QueueInput/queue_size: 50
[32m[0814 19:52:39 @monitor.py:476][0m accuracy: 0.99962
[32m[0814 19:52:39 @monitor.py:476][0m cross_entropy_loss: 0.00091204
[32m[0814 19:52:39 @monitor.py:476][0m learning_rate: 0.01
[32m[0814 19:52:39 @monitor.py:476][0m param-summary/conv0/W-rms: 0.50206
[32m[0814 19:52:39 @monitor.py:476][0m param-summary/conv1/W-rms: 0.090324
[32m[0814 19:52:39 @monitor.py:476][0m param-summary/conv2/W-rms: 0.088459
[32m[0814 19:52:39 @monitor.py:476][0m param-summary/conv3/W-rms: 0.063165
[32m[0814 19:52:39 @monitor.py:476][0m param-summary/fc0/W-rms: 0.026788
[32m[0814 19:52:39 @monitor.py:476][0m param-summary/fc1/W-rms: 0.10118
[32m[0814 19:52:39 @monitor.py:476][0m param-summary/linear/W-rms: 0.12612
[32m[0814 19:52:39 @monitor.py:476][0m train_error: 0.0003815
[32m[0814 19:52:39 @monitor.py:476][0m val_accuracy: 0.9938
[32m[0814 19:52:39 @monitor.py:476][0m val_cross_entropy_loss: 0.031904
[32m[0814 19:52:39 @group.py:44][0m Callbacks took 18.489 sec in total. InferenceRunner: 18.5 seconds
[32m[0814 19:52:39 @base.py:273][0m Start Epoch 43 ...
[32m[0814 19:56:36 @base.py:283][0m Epoch 43 (global_step 20167) finished, time:3 minutes 56 seconds.
[32m[0814 19:56:36 @saver.py:82][0m Model saved to logs/train_log/mnist-FP/model-20167.
[32m[0814 19:56:54 @monitor.py:476][0m QueueInput/queue_size: 50
[32m[0814 19:56:54 @monitor.py:476][0m accuracy: 0.99996
[32m[0814 19:56:54 @monitor.py:476][0m cross_entropy_loss: 0.00022883
[32m[0814 19:56:54 @monitor.py:476][0m learning_rate: 0.01
[32m[0814 19:56:54 @monitor.py:476][0m param-summary/conv0/W-rms: 0.5023
[32m[0814 19:56:54 @monitor.py:476][0m param-summary/conv1/W-rms: 0.090372
[32m[0814 19:56:54 @monitor.py:476][0m param-summary/conv2/W-rms: 0.088488
[32m[0814 19:56:54 @monitor.py:476][0m param-summary/conv3/W-rms: 0.063191
[32m[0814 19:56:54 @monitor.py:476][0m param-summary/fc0/W-rms: 0.026793
[32m[0814 19:56:54 @monitor.py:476][0m param-summary/fc1/W-rms: 0.10118
[32m[0814 19:56:54 @monitor.py:476][0m param-summary/linear/W-rms: 0.12627
[32m[0814 19:56:54 @monitor.py:476][0m train_error: 3.562e-05
[32m[0814 19:56:54 @monitor.py:476][0m val_accuracy: 0.9944
[32m[0814 19:56:54 @monitor.py:476][0m val_cross_entropy_loss: 0.028762
[32m[0814 19:56:54 @group.py:44][0m Callbacks took 18.169 sec in total. InferenceRunner: 18.1 seconds
[32m[0814 19:56:54 @base.py:273][0m Start Epoch 44 ...
[32m[0814 20:00:54 @base.py:283][0m Epoch 44 (global_step 20636) finished, time:3 minutes 59 seconds.
[32m[0814 20:00:54 @saver.py:82][0m Model saved to logs/train_log/mnist-FP/model-20636.
[32m[0814 20:01:13 @monitor.py:476][0m QueueInput/queue_size: 50
[32m[0814 20:01:13 @monitor.py:476][0m accuracy: 0.99964
[32m[0814 20:01:13 @monitor.py:476][0m cross_entropy_loss: 0.0011779
[32m[0814 20:01:13 @monitor.py:476][0m learning_rate: 0.01
[32m[0814 20:01:13 @monitor.py:476][0m param-summary/conv0/W-rms: 0.50244
[32m[0814 20:01:13 @monitor.py:476][0m param-summary/conv1/W-rms: 0.0904
[32m[0814 20:01:13 @monitor.py:476][0m param-summary/conv2/W-rms: 0.088505
[32m[0814 20:01:13 @monitor.py:476][0m param-summary/conv3/W-rms: 0.063208
[32m[0814 20:01:13 @monitor.py:476][0m param-summary/fc0/W-rms: 0.026796
[32m[0814 20:01:13 @monitor.py:476][0m param-summary/fc1/W-rms: 0.10118
[32m[0814 20:01:13 @monitor.py:476][0m param-summary/linear/W-rms: 0.12637
[32m[0814 20:01:13 @monitor.py:476][0m train_error: 0.00036143
[32m[0814 20:01:13 @monitor.py:476][0m val_accuracy: 0.9937
[32m[0814 20:01:13 @monitor.py:476][0m val_cross_entropy_loss: 0.034369
[32m[0814 20:01:13 @group.py:44][0m Callbacks took 18.730 sec in total. InferenceRunner: 18.7 seconds
[32m[0814 20:01:13 @base.py:273][0m Start Epoch 45 ...
[32m[0814 20:05:10 @base.py:283][0m Epoch 45 (global_step 21105) finished, time:3 minutes 56 seconds.
[32m[0814 20:05:10 @saver.py:82][0m Model saved to logs/train_log/mnist-FP/model-21105.
[32m[0814 20:05:28 @monitor.py:476][0m QueueInput/queue_size: 50
[32m[0814 20:05:28 @monitor.py:476][0m accuracy: 0.99969
[32m[0814 20:05:28 @monitor.py:476][0m cross_entropy_loss: 0.00085716
[32m[0814 20:05:28 @monitor.py:476][0m learning_rate: 0.01
[32m[0814 20:05:28 @monitor.py:476][0m param-summary/conv0/W-rms: 0.5026
[32m[0814 20:05:28 @monitor.py:476][0m param-summary/conv1/W-rms: 0.090439
[32m[0814 20:05:28 @monitor.py:476][0m param-summary/conv2/W-rms: 0.088533
[32m[0814 20:05:28 @monitor.py:476][0m param-summary/conv3/W-rms: 0.063236
[32m[0814 20:05:28 @monitor.py:476][0m param-summary/fc0/W-rms: 0.026803
[32m[0814 20:05:28 @monitor.py:476][0m param-summary/fc1/W-rms: 0.10119
[32m[0814 20:05:28 @monitor.py:476][0m param-summary/linear/W-rms: 0.1265
[32m[0814 20:05:28 @monitor.py:476][0m train_error: 0.00030781
[32m[0814 20:05:28 @monitor.py:476][0m val_accuracy: 0.9939
[32m[0814 20:05:28 @monitor.py:476][0m val_cross_entropy_loss: 0.031067
[32m[0814 20:05:28 @group.py:44][0m Callbacks took 18.418 sec in total. InferenceRunner: 18.4 seconds
[32m[0814 20:05:28 @base.py:273][0m Start Epoch 46 ...
[32m[0814 20:09:27 @base.py:283][0m Epoch 46 (global_step 21574) finished, time:3 minutes 58 seconds.
[32m[0814 20:09:27 @saver.py:82][0m Model saved to logs/train_log/mnist-FP/model-21574.
[32m[0814 20:09:46 @monitor.py:476][0m QueueInput/queue_size: 50
[32m[0814 20:09:46 @monitor.py:476][0m accuracy: 0.99978
[32m[0814 20:09:46 @monitor.py:476][0m cross_entropy_loss: 0.00047848
[32m[0814 20:09:46 @monitor.py:476][0m learning_rate: 0.01
[32m[0814 20:09:46 @monitor.py:476][0m param-summary/conv0/W-rms: 0.50279
[32m[0814 20:09:46 @monitor.py:476][0m param-summary/conv1/W-rms: 0.090475
[32m[0814 20:09:46 @monitor.py:476][0m param-summary/conv2/W-rms: 0.088553
[32m[0814 20:09:46 @monitor.py:476][0m param-summary/conv3/W-rms: 0.063253
[32m[0814 20:09:46 @monitor.py:476][0m param-summary/fc0/W-rms: 0.026805
[32m[0814 20:09:46 @monitor.py:476][0m param-summary/fc1/W-rms: 0.10119
[32m[0814 20:09:46 @monitor.py:476][0m param-summary/linear/W-rms: 0.12661
[32m[0814 20:09:46 @monitor.py:476][0m train_error: 0.00022244
[32m[0814 20:09:46 @monitor.py:476][0m val_accuracy: 0.9947
[32m[0814 20:09:46 @monitor.py:476][0m val_cross_entropy_loss: 0.02978
[32m[0814 20:09:46 @group.py:44][0m Callbacks took 18.422 sec in total. InferenceRunner: 18.4 seconds
[32m[0814 20:09:46 @base.py:273][0m Start Epoch 47 ...
[32m[0814 20:13:47 @base.py:283][0m Epoch 47 (global_step 22043) finished, time:4 minutes 1 second.
[32m[0814 20:13:47 @saver.py:82][0m Model saved to logs/train_log/mnist-FP/model-22043.
[32m[0814 20:14:06 @monitor.py:476][0m QueueInput/queue_size: 50
[32m[0814 20:14:06 @monitor.py:476][0m accuracy: 0.99955
[32m[0814 20:14:06 @monitor.py:476][0m cross_entropy_loss: 0.0011348
[32m[0814 20:14:06 @monitor.py:476][0m learning_rate: 0.01
[32m[0814 20:14:06 @monitor.py:476][0m param-summary/conv0/W-rms: 0.50296
[32m[0814 20:14:06 @monitor.py:476][0m param-summary/conv1/W-rms: 0.090514
[32m[0814 20:14:06 @monitor.py:476][0m param-summary/conv2/W-rms: 0.08858
[32m[0814 20:14:06 @monitor.py:476][0m param-summary/conv3/W-rms: 0.063279
[32m[0814 20:14:06 @monitor.py:476][0m param-summary/fc0/W-rms: 0.026811
[32m[0814 20:14:06 @monitor.py:476][0m param-summary/fc1/W-rms: 0.10119
[32m[0814 20:14:06 @monitor.py:476][0m param-summary/linear/W-rms: 0.12674
[32m[0814 20:14:06 @monitor.py:476][0m train_error: 0.00044559
[32m[0814 20:14:06 @monitor.py:476][0m val_accuracy: 0.9941
[32m[0814 20:14:06 @monitor.py:476][0m val_cross_entropy_loss: 0.030039
[32m[0814 20:14:06 @group.py:44][0m Callbacks took 18.625 sec in total. InferenceRunner: 18.6 seconds
[32m[0814 20:14:06 @base.py:273][0m Start Epoch 48 ...
[32m[0814 20:18:04 @base.py:283][0m Epoch 48 (global_step 22512) finished, time:3 minutes 58 seconds.
[32m[0814 20:18:04 @saver.py:82][0m Model saved to logs/train_log/mnist-FP/model-22512.
[32m[0814 20:18:23 @monitor.py:476][0m QueueInput/queue_size: 50
[32m[0814 20:18:23 @monitor.py:476][0m accuracy: 0.99974
[32m[0814 20:18:23 @monitor.py:476][0m cross_entropy_loss: 0.00087641
[32m[0814 20:18:23 @monitor.py:476][0m learning_rate: 0.01
[32m[0814 20:18:23 @monitor.py:476][0m param-summary/conv0/W-rms: 0.50314
[32m[0814 20:18:23 @monitor.py:476][0m param-summary/conv1/W-rms: 0.090563
[32m[0814 20:18:23 @monitor.py:476][0m param-summary/conv2/W-rms: 0.088618
[32m[0814 20:18:23 @monitor.py:476][0m param-summary/conv3/W-rms: 0.06332
[32m[0814 20:18:23 @monitor.py:476][0m param-summary/fc0/W-rms: 0.026822
[32m[0814 20:18:23 @monitor.py:476][0m param-summary/fc1/W-rms: 0.1012
[32m[0814 20:18:23 @monitor.py:476][0m param-summary/linear/W-rms: 0.12688
[32m[0814 20:18:23 @monitor.py:476][0m train_error: 0.00026217
[32m[0814 20:18:23 @monitor.py:476][0m val_accuracy: 0.9936
[32m[0814 20:18:23 @monitor.py:476][0m val_cross_entropy_loss: 0.033994
[32m[0814 20:18:23 @group.py:44][0m Callbacks took 18.422 sec in total. InferenceRunner: 18.4 seconds
[32m[0814 20:18:23 @base.py:273][0m Start Epoch 49 ...
[32m[0814 20:22:17 @base.py:283][0m Epoch 49 (global_step 22981) finished, time:3 minutes 54 seconds.
[32m[0814 20:22:17 @saver.py:82][0m Model saved to logs/train_log/mnist-FP/model-22981.
[32m[0814 20:22:36 @monitor.py:476][0m QueueInput/queue_size: 50
[32m[0814 20:22:36 @monitor.py:476][0m accuracy: 0.99983
[32m[0814 20:22:36 @monitor.py:476][0m cross_entropy_loss: 0.00071507
[32m[0814 20:22:36 @monitor.py:476][0m learning_rate: 0.01
[32m[0814 20:22:36 @monitor.py:476][0m param-summary/conv0/W-rms: 0.50332
[32m[0814 20:22:36 @monitor.py:476][0m param-summary/conv1/W-rms: 0.090611
[32m[0814 20:22:36 @monitor.py:476][0m param-summary/conv2/W-rms: 0.088658
[32m[0814 20:22:36 @monitor.py:476][0m param-summary/conv3/W-rms: 0.063366
[32m[0814 20:22:36 @monitor.py:476][0m param-summary/fc0/W-rms: 0.026836
[32m[0814 20:22:36 @monitor.py:476][0m param-summary/fc1/W-rms: 0.10121
[32m[0814 20:22:36 @monitor.py:476][0m param-summary/linear/W-rms: 0.12702
[32m[0814 20:22:36 @monitor.py:476][0m train_error: 0.00016567
[32m[0814 20:22:36 @monitor.py:476][0m val_accuracy: 0.9945
[32m[0814 20:22:36 @monitor.py:476][0m val_cross_entropy_loss: 0.031116
[32m[0814 20:22:36 @group.py:44][0m Callbacks took 18.616 sec in total. InferenceRunner: 18.6 seconds
[32m[0814 20:22:36 @base.py:273][0m Start Epoch 50 ...
[32m[0814 20:26:30 @base.py:283][0m Epoch 50 (global_step 23450) finished, time:3 minutes 54 seconds.
[32m[0814 20:26:30 @saver.py:82][0m Model saved to logs/train_log/mnist-FP/model-23450.
[32m[0814 20:26:49 @monitor.py:476][0m QueueInput/queue_size: 50
[32m[0814 20:26:49 @monitor.py:476][0m accuracy: 0.99997
[32m[0814 20:26:49 @monitor.py:476][0m cross_entropy_loss: 0.0004212
[32m[0814 20:26:49 @monitor.py:476][0m learning_rate: 0.01
[32m[0814 20:26:49 @monitor.py:476][0m param-summary/conv0/W-rms: 0.50354
[32m[0814 20:26:49 @monitor.py:476][0m param-summary/conv1/W-rms: 0.090657
[32m[0814 20:26:49 @monitor.py:476][0m param-summary/conv2/W-rms: 0.088687
[32m[0814 20:26:49 @monitor.py:476][0m param-summary/conv3/W-rms: 0.063395
[32m[0814 20:26:49 @monitor.py:476][0m param-summary/fc0/W-rms: 0.026842
[32m[0814 20:26:49 @monitor.py:476][0m param-summary/fc1/W-rms: 0.10121
[32m[0814 20:26:49 @monitor.py:476][0m param-summary/linear/W-rms: 0.12714
[32m[0814 20:26:49 @monitor.py:476][0m train_error: 2.8316e-05
[32m[0814 20:26:49 @monitor.py:476][0m val_accuracy: 0.9942
[32m[0814 20:26:49 @monitor.py:476][0m val_cross_entropy_loss: 0.0312
[32m[0814 20:26:49 @group.py:44][0m Callbacks took 18.594 sec in total. InferenceRunner: 18.6 seconds
[32m[0814 20:26:49 @base.py:287][0m Training has finished!
